2026-03-20 06:05:09.076 [HikariPool-1:housekeeper] WARN  com.zaxxer.hikari.pool.HikariPool - HikariPool-1 - Thread starvation or clock leap detected (housekeeper delta=12h4m59s661ms7µs500ns).
2026-03-20 09:02:52.420 [HikariPool-1:housekeeper] WARN  com.zaxxer.hikari.pool.HikariPool - HikariPool-1 - Thread starvation or clock leap detected (housekeeper delta=2h53m38s615ms835µs100ns).
2026-03-20 09:21:50.199 [http-nio-8080-exec-2] INFO  c.itheima.controller.LoginController - 用户登录Emp(id=null, username=songjiang, password=123, name=null, gender=null, phone=null, job=null, salary=null, image=null, entryDate=null, deptId=null, createTime=null, updateTime=null, deptName=null, exprList=null)
2026-03-20 09:25:40.693 [SpringApplicationShutdownHook] INFO  o.s.boot.tomcat.GracefulShutdown - Commencing graceful shutdown. Waiting for active requests to complete
2026-03-20 09:25:40.844 [tomcat-shutdown] INFO  o.s.boot.tomcat.GracefulShutdown - Graceful shutdown complete
2026-03-20 09:25:41.351 [SpringApplicationShutdownHook] INFO  com.zaxxer.hikari.HikariDataSource - HikariPool-1 - Shutdown initiated...
2026-03-20 09:25:41.450 [SpringApplicationShutdownHook] INFO  com.zaxxer.hikari.HikariDataSource - HikariPool-1 - Shutdown completed.
2026-03-20 09:26:02.510 [main] INFO  c.i.TliasWebManagementApplication - Starting TliasWebManagementApplication using Java 21.0.10 with PID 20624 (D:\SHEN\projects\java\web-project\springboot-web-02\tlias-web-management\target\classes started by SHEN in D:\SHEN\projects\java\web-project\springboot-web-02)
2026-03-20 09:26:02.521 [main] INFO  c.i.TliasWebManagementApplication - No active profile set, falling back to 1 default profile: "default"
2026-03-20 09:26:05.384 [main] INFO  o.s.boot.tomcat.TomcatWebServer - Tomcat initialized with port 8080 (http)
2026-03-20 09:26:05.417 [main] INFO  o.a.coyote.http11.Http11NioProtocol - Initializing ProtocolHandler ["http-nio-8080"]
2026-03-20 09:26:05.418 [main] INFO  o.a.catalina.core.StandardService - Starting service [Tomcat]
2026-03-20 09:26:05.419 [main] INFO  o.a.catalina.core.StandardEngine - Starting Servlet engine: [Apache Tomcat/11.0.18]
2026-03-20 09:26:05.508 [main] INFO  o.s.b.w.c.s.WebApplicationContextInitializer - Root WebApplicationContext: initialization completed in 2847 ms
2026-03-20 09:26:07.012 [main] INFO  o.a.coyote.http11.Http11NioProtocol - Starting ProtocolHandler ["http-nio-8080"]
2026-03-20 09:26:07.070 [main] INFO  o.s.boot.tomcat.TomcatWebServer - Tomcat started on port 8080 (http) with context path '/'
2026-03-20 09:26:07.081 [main] INFO  c.i.TliasWebManagementApplication - Started TliasWebManagementApplication in 9.174 seconds (process running for 12.115)
2026-03-20 09:26:07.460 [http-nio-8080-exec-1] INFO  o.a.c.c.C.[Tomcat].[localhost].[/] - Initializing Spring DispatcherServlet 'dispatcherServlet'
2026-03-20 09:26:07.460 [http-nio-8080-exec-1] INFO  o.s.web.servlet.DispatcherServlet - Initializing Servlet 'dispatcherServlet'
2026-03-20 09:26:07.462 [http-nio-8080-exec-1] INFO  o.s.web.servlet.DispatcherServlet - Completed initialization in 2 ms
2026-03-20 09:26:08.557 [http-nio-8080-exec-1] INFO  c.itheima.controller.LoginController - 用户登录Emp(id=null, username=songjiang, password=123, name=null, gender=null, phone=null, job=null, salary=null, image=null, entryDate=null, deptId=null, createTime=null, updateTime=null, deptName=null, exprList=null)
2026-03-20 09:26:08.622 [http-nio-8080-exec-1] INFO  com.zaxxer.hikari.HikariDataSource - HikariPool-1 - Starting...
2026-03-20 09:26:09.676 [http-nio-8080-exec-1] INFO  com.zaxxer.hikari.pool.HikariPool - HikariPool-1 - Added connection com.mysql.cj.jdbc.ConnectionImpl@27de931b
2026-03-20 09:26:09.681 [http-nio-8080-exec-1] INFO  com.zaxxer.hikari.HikariDataSource - HikariPool-1 - Start completed.
2026-03-20 09:27:17.796 [SpringApplicationShutdownHook] INFO  o.s.boot.tomcat.GracefulShutdown - Commencing graceful shutdown. Waiting for active requests to complete
2026-03-20 09:27:17.805 [tomcat-shutdown] INFO  o.s.boot.tomcat.GracefulShutdown - Graceful shutdown complete
2026-03-20 09:27:17.812 [SpringApplicationShutdownHook] INFO  com.zaxxer.hikari.HikariDataSource - HikariPool-1 - Shutdown initiated...
2026-03-20 09:27:17.825 [SpringApplicationShutdownHook] INFO  com.zaxxer.hikari.HikariDataSource - HikariPool-1 - Shutdown completed.
2026-03-20 09:27:31.427 [main] INFO  c.i.TliasWebManagementApplication - Starting TliasWebManagementApplication using Java 21.0.10 with PID 29232 (D:\SHEN\projects\java\web-project\springboot-web-02\tlias-web-management\target\classes started by SHEN in D:\SHEN\projects\java\web-project\springboot-web-02)
2026-03-20 09:27:31.441 [main] INFO  c.i.TliasWebManagementApplication - No active profile set, falling back to 1 default profile: "default"
2026-03-20 09:27:33.948 [main] INFO  o.s.boot.tomcat.TomcatWebServer - Tomcat initialized with port 8080 (http)
2026-03-20 09:27:33.971 [main] INFO  o.a.coyote.http11.Http11NioProtocol - Initializing ProtocolHandler ["http-nio-8080"]
2026-03-20 09:27:33.974 [main] INFO  o.a.catalina.core.StandardService - Starting service [Tomcat]
2026-03-20 09:27:33.974 [main] INFO  o.a.catalina.core.StandardEngine - Starting Servlet engine: [Apache Tomcat/11.0.18]
2026-03-20 09:27:34.067 [main] INFO  o.s.b.w.c.s.WebApplicationContextInitializer - Root WebApplicationContext: initialization completed in 2431 ms
2026-03-20 09:27:35.297 [main] INFO  o.a.coyote.http11.Http11NioProtocol - Starting ProtocolHandler ["http-nio-8080"]
2026-03-20 09:27:35.345 [main] INFO  o.s.boot.tomcat.TomcatWebServer - Tomcat started on port 8080 (http) with context path '/'
2026-03-20 09:27:35.396 [main] INFO  c.i.TliasWebManagementApplication - Started TliasWebManagementApplication in 5.421 seconds (process running for 11.831)
2026-03-20 09:27:37.678 [http-nio-8080-exec-2] INFO  o.a.c.c.C.[Tomcat].[localhost].[/] - Initializing Spring DispatcherServlet 'dispatcherServlet'
2026-03-20 09:27:37.678 [http-nio-8080-exec-2] INFO  o.s.web.servlet.DispatcherServlet - Initializing Servlet 'dispatcherServlet'
2026-03-20 09:27:37.680 [http-nio-8080-exec-2] INFO  o.s.web.servlet.DispatcherServlet - Completed initialization in 2 ms
2026-03-20 09:27:38.266 [http-nio-8080-exec-2] INFO  c.itheima.controller.LoginController - 用户登录Emp(id=null, username=songjiang, password=123, name=null, gender=null, phone=null, job=null, salary=null, image=null, entryDate=null, deptId=null, createTime=null, updateTime=null, deptName=null, exprList=null)
2026-03-20 09:27:38.387 [http-nio-8080-exec-2] INFO  com.zaxxer.hikari.HikariDataSource - HikariPool-1 - Starting...
2026-03-20 09:27:40.299 [http-nio-8080-exec-2] INFO  com.zaxxer.hikari.pool.HikariPool - HikariPool-1 - Added connection com.mysql.cj.jdbc.ConnectionImpl@64270af5
2026-03-20 09:27:40.303 [http-nio-8080-exec-2] INFO  com.zaxxer.hikari.HikariDataSource - HikariPool-1 - Start completed.
2026-03-20 09:27:52.886 [http-nio-8080-exec-1] INFO  c.itheima.controller.LoginController - 用户登录Emp(id=null, username=songjiang, password=123456, name=null, gender=null, phone=null, job=null, salary=null, image=null, entryDate=null, deptId=null, createTime=null, updateTime=null, deptName=null, exprList=null)
2026-03-20 09:28:40.096 [http-nio-8080-exec-3] INFO  c.itheima.controller.LoginController - 用户登录Emp(id=null, username=songjiang, password=123456, name=null, gender=null, phone=null, job=null, salary=null, image=null, entryDate=null, deptId=null, createTime=null, updateTime=null, deptName=null, exprList=null)
2026-03-20 09:58:59.314 [SpringApplicationShutdownHook] INFO  o.s.boot.tomcat.GracefulShutdown - Commencing graceful shutdown. Waiting for active requests to complete
2026-03-20 09:58:59.390 [tomcat-shutdown] INFO  o.s.boot.tomcat.GracefulShutdown - Graceful shutdown complete
2026-03-20 09:58:59.445 [SpringApplicationShutdownHook] INFO  com.zaxxer.hikari.HikariDataSource - HikariPool-1 - Shutdown initiated...
2026-03-20 09:58:59.475 [SpringApplicationShutdownHook] INFO  com.zaxxer.hikari.HikariDataSource - HikariPool-1 - Shutdown completed.
2026-03-20 09:59:09.071 [main] INFO  c.i.TliasWebManagementApplication - Starting TliasWebManagementApplication using Java 21.0.10 with PID 1220 (D:\SHEN\projects\java\web-project\springboot-web-02\tlias-web-management\target\classes started by SHEN in D:\SHEN\projects\java\web-project\springboot-web-02)
2026-03-20 09:59:09.079 [main] INFO  c.i.TliasWebManagementApplication - No active profile set, falling back to 1 default profile: "default"
2026-03-20 09:59:11.130 [main] INFO  o.s.boot.tomcat.TomcatWebServer - Tomcat initialized with port 8080 (http)
2026-03-20 09:59:11.154 [main] INFO  o.a.coyote.http11.Http11NioProtocol - Initializing ProtocolHandler ["http-nio-8080"]
2026-03-20 09:59:11.156 [main] INFO  o.a.catalina.core.StandardService - Starting service [Tomcat]
2026-03-20 09:59:11.157 [main] INFO  o.a.catalina.core.StandardEngine - Starting Servlet engine: [Apache Tomcat/11.0.18]
2026-03-20 09:59:11.251 [main] INFO  o.s.b.w.c.s.WebApplicationContextInitializer - Root WebApplicationContext: initialization completed in 2062 ms
2026-03-20 09:59:12.500 [main] INFO  o.a.coyote.http11.Http11NioProtocol - Starting ProtocolHandler ["http-nio-8080"]
2026-03-20 09:59:12.531 [main] INFO  o.s.boot.tomcat.TomcatWebServer - Tomcat started on port 8080 (http) with context path '/'
2026-03-20 09:59:12.542 [main] INFO  c.i.TliasWebManagementApplication - Started TliasWebManagementApplication in 4.309 seconds (process running for 6.657)
2026-03-20 11:05:46.956 [SpringApplicationShutdownHook] INFO  o.s.boot.tomcat.GracefulShutdown - Commencing graceful shutdown. Waiting for active requests to complete
2026-03-20 11:05:47.287 [tomcat-shutdown] INFO  o.s.boot.tomcat.GracefulShutdown - Graceful shutdown complete
2026-03-20 11:05:57.816 [main] INFO  c.i.TliasWebManagementApplication - Starting TliasWebManagementApplication using Java 21.0.10 with PID 33676 (D:\SHEN\projects\java\web-project\springboot-web-02\tlias-web-management\target\classes started by SHEN in D:\SHEN\projects\java\web-project\springboot-web-02)
2026-03-20 11:05:57.823 [main] INFO  c.i.TliasWebManagementApplication - No active profile set, falling back to 1 default profile: "default"
2026-03-20 11:06:00.127 [main] INFO  o.s.boot.tomcat.TomcatWebServer - Tomcat initialized with port 8080 (http)
2026-03-20 11:06:00.151 [main] INFO  o.a.coyote.http11.Http11NioProtocol - Initializing ProtocolHandler ["http-nio-8080"]
2026-03-20 11:06:00.154 [main] INFO  o.a.catalina.core.StandardService - Starting service [Tomcat]
2026-03-20 11:06:00.154 [main] INFO  o.a.catalina.core.StandardEngine - Starting Servlet engine: [Apache Tomcat/11.0.18]
2026-03-20 11:06:00.245 [main] INFO  o.s.b.w.c.s.WebApplicationContextInitializer - Root WebApplicationContext: initialization completed in 2306 ms
2026-03-20 11:06:01.777 [main] INFO  o.a.coyote.http11.Http11NioProtocol - Starting ProtocolHandler ["http-nio-8080"]
2026-03-20 11:06:01.811 [main] INFO  o.s.boot.tomcat.TomcatWebServer - Tomcat started on port 8080 (http) with context path '/'
2026-03-20 11:06:01.823 [main] INFO  c.i.TliasWebManagementApplication - Started TliasWebManagementApplication in 4.934 seconds (process running for 7.466)
2026-03-20 11:06:39.065 [http-nio-8080-exec-1] INFO  o.a.c.c.C.[Tomcat].[localhost].[/] - Initializing Spring DispatcherServlet 'dispatcherServlet'
2026-03-20 11:06:39.066 [http-nio-8080-exec-1] INFO  o.s.web.servlet.DispatcherServlet - Initializing Servlet 'dispatcherServlet'
2026-03-20 11:06:39.069 [http-nio-8080-exec-1] INFO  o.s.web.servlet.DispatcherServlet - Completed initialization in 3 ms
2026-03-20 11:06:39.305 [http-nio-8080-exec-1] INFO  c.itheima.controller.LoginController - 用户登录Emp(id=null, username=songjiang, password=123456, name=null, gender=null, phone=null, job=null, salary=null, image=null, entryDate=null, deptId=null, createTime=null, updateTime=null, deptName=null, exprList=null)
2026-03-20 11:06:39.375 [http-nio-8080-exec-1] INFO  com.zaxxer.hikari.HikariDataSource - HikariPool-1 - Starting...
2026-03-20 11:06:40.432 [http-nio-8080-exec-1] INFO  com.zaxxer.hikari.pool.HikariPool - HikariPool-1 - Added connection com.mysql.cj.jdbc.ConnectionImpl@c9f7bc3
2026-03-20 11:06:40.438 [http-nio-8080-exec-1] INFO  com.zaxxer.hikari.HikariDataSource - HikariPool-1 - Start completed.
2026-03-20 11:20:06.420 [SpringApplicationShutdownHook] INFO  o.s.boot.tomcat.GracefulShutdown - Commencing graceful shutdown. Waiting for active requests to complete
2026-03-20 11:20:06.561 [tomcat-shutdown] INFO  o.s.boot.tomcat.GracefulShutdown - Graceful shutdown complete
2026-03-20 11:20:06.674 [SpringApplicationShutdownHook] INFO  com.zaxxer.hikari.HikariDataSource - HikariPool-1 - Shutdown initiated...
2026-03-20 11:20:06.854 [SpringApplicationShutdownHook] INFO  com.zaxxer.hikari.HikariDataSource - HikariPool-1 - Shutdown completed.
2026-03-20 11:20:18.083 [main] INFO  c.i.TliasWebManagementApplication - Starting TliasWebManagementApplication using Java 21.0.10 with PID 40364 (D:\SHEN\projects\java\web-project\springboot-web-02\tlias-web-management\target\classes started by SHEN in D:\SHEN\projects\java\web-project\springboot-web-02)
2026-03-20 11:20:18.091 [main] INFO  c.i.TliasWebManagementApplication - No active profile set, falling back to 1 default profile: "default"
2026-03-20 11:20:21.199 [main] INFO  o.s.boot.tomcat.TomcatWebServer - Tomcat initialized with port 8080 (http)
2026-03-20 11:20:21.290 [main] INFO  o.a.coyote.http11.Http11NioProtocol - Initializing ProtocolHandler ["http-nio-8080"]
2026-03-20 11:20:21.304 [main] INFO  o.a.catalina.core.StandardService - Starting service [Tomcat]
2026-03-20 11:20:21.307 [main] INFO  o.a.catalina.core.StandardEngine - Starting Servlet engine: [Apache Tomcat/11.0.18]
2026-03-20 11:20:21.609 [main] INFO  o.s.b.w.c.s.WebApplicationContextInitializer - Root WebApplicationContext: initialization completed in 3398 ms
2026-03-20 11:20:24.442 [main] INFO  o.a.coyote.http11.Http11NioProtocol - Starting ProtocolHandler ["http-nio-8080"]
2026-03-20 11:20:24.486 [main] INFO  o.s.boot.tomcat.TomcatWebServer - Tomcat started on port 8080 (http) with context path '/'
2026-03-20 11:20:24.497 [main] INFO  c.i.TliasWebManagementApplication - Started TliasWebManagementApplication in 7.68 seconds (process running for 10.907)
2026-03-20 11:22:02.740 [SpringApplicationShutdownHook] INFO  o.s.boot.tomcat.GracefulShutdown - Commencing graceful shutdown. Waiting for active requests to complete
2026-03-20 11:22:02.754 [tomcat-shutdown] INFO  o.s.boot.tomcat.GracefulShutdown - Graceful shutdown complete
2026-03-20 11:22:11.649 [main] INFO  c.i.TliasWebManagementApplication - Starting TliasWebManagementApplication using Java 21.0.10 with PID 46192 (D:\SHEN\projects\java\web-project\springboot-web-02\tlias-web-management\target\classes started by SHEN in D:\SHEN\projects\java\web-project\springboot-web-02)
2026-03-20 11:22:11.654 [main] INFO  c.i.TliasWebManagementApplication - No active profile set, falling back to 1 default profile: "default"
2026-03-20 11:22:13.626 [main] INFO  o.s.boot.tomcat.TomcatWebServer - Tomcat initialized with port 8080 (http)
2026-03-20 11:22:13.657 [main] INFO  o.a.coyote.http11.Http11NioProtocol - Initializing ProtocolHandler ["http-nio-8080"]
2026-03-20 11:22:13.660 [main] INFO  o.a.catalina.core.StandardService - Starting service [Tomcat]
2026-03-20 11:22:13.660 [main] INFO  o.a.catalina.core.StandardEngine - Starting Servlet engine: [Apache Tomcat/11.0.18]
2026-03-20 11:22:13.782 [main] INFO  o.s.b.w.c.s.WebApplicationContextInitializer - Root WebApplicationContext: initialization completed in 2034 ms
2026-03-20 11:22:13.911 [main] INFO  com.itheima.filter.DemoFilter - 初始化方法 init
2026-03-20 11:22:15.210 [main] INFO  o.a.coyote.http11.Http11NioProtocol - Starting ProtocolHandler ["http-nio-8080"]
2026-03-20 11:22:15.250 [main] INFO  o.s.boot.tomcat.TomcatWebServer - Tomcat started on port 8080 (http) with context path '/'
2026-03-20 11:22:15.261 [main] INFO  c.i.TliasWebManagementApplication - Started TliasWebManagementApplication in 4.539 seconds (process running for 6.969)
2026-03-20 11:22:31.087 [http-nio-8080-exec-1] INFO  o.a.c.c.C.[Tomcat].[localhost].[/] - Initializing Spring DispatcherServlet 'dispatcherServlet'
2026-03-20 11:22:31.087 [http-nio-8080-exec-1] INFO  o.s.web.servlet.DispatcherServlet - Initializing Servlet 'dispatcherServlet'
2026-03-20 11:22:31.090 [http-nio-8080-exec-1] INFO  o.s.web.servlet.DispatcherServlet - Completed initialization in 2 ms
2026-03-20 11:22:31.108 [http-nio-8080-exec-1] INFO  com.itheima.filter.DemoFilter - 执行方法 doFilter
2026-03-20 11:22:31.108 [http-nio-8080-exec-2] INFO  com.itheima.filter.DemoFilter - 执行方法 doFilter
2026-03-20 11:24:06.342 [SpringApplicationShutdownHook] INFO  o.s.boot.tomcat.GracefulShutdown - Commencing graceful shutdown. Waiting for active requests to complete
2026-03-20 11:24:06.360 [tomcat-shutdown] INFO  o.s.boot.tomcat.GracefulShutdown - Graceful shutdown complete
2026-03-20 11:24:06.376 [SpringApplicationShutdownHook] INFO  com.itheima.filter.DemoFilter - 销毁方法 destroy
2026-03-20 11:24:14.627 [main] INFO  c.i.TliasWebManagementApplication - Starting TliasWebManagementApplication using Java 21.0.10 with PID 46776 (D:\SHEN\projects\java\web-project\springboot-web-02\tlias-web-management\target\classes started by SHEN in D:\SHEN\projects\java\web-project\springboot-web-02)
2026-03-20 11:24:14.634 [main] INFO  c.i.TliasWebManagementApplication - No active profile set, falling back to 1 default profile: "default"
2026-03-20 11:24:16.507 [main] INFO  o.s.boot.tomcat.TomcatWebServer - Tomcat initialized with port 8080 (http)
2026-03-20 11:24:16.572 [main] INFO  o.a.coyote.http11.Http11NioProtocol - Initializing ProtocolHandler ["http-nio-8080"]
2026-03-20 11:24:16.577 [main] INFO  o.a.catalina.core.StandardService - Starting service [Tomcat]
2026-03-20 11:24:16.581 [main] INFO  o.a.catalina.core.StandardEngine - Starting Servlet engine: [Apache Tomcat/11.0.18]
2026-03-20 11:24:16.970 [main] INFO  o.s.b.w.c.s.WebApplicationContextInitializer - Root WebApplicationContext: initialization completed in 2237 ms
2026-03-20 11:24:17.078 [main] INFO  com.itheima.filter.DemoFilter - 初始化方法 init
2026-03-20 11:24:18.485 [main] INFO  o.a.coyote.http11.Http11NioProtocol - Starting ProtocolHandler ["http-nio-8080"]
2026-03-20 11:24:18.555 [main] INFO  o.s.boot.tomcat.TomcatWebServer - Tomcat started on port 8080 (http) with context path '/'
2026-03-20 11:24:18.589 [main] INFO  c.i.TliasWebManagementApplication - Started TliasWebManagementApplication in 4.84 seconds (process running for 7.413)
2026-03-20 13:49:53.975 [SpringApplicationShutdownHook] INFO  o.s.boot.tomcat.GracefulShutdown - Commencing graceful shutdown. Waiting for active requests to complete
2026-03-20 13:49:55.607 [tomcat-shutdown] INFO  o.s.boot.tomcat.GracefulShutdown - Graceful shutdown complete
2026-03-20 13:49:56.456 [SpringApplicationShutdownHook] INFO  com.itheima.filter.DemoFilter - 销毁方法 destroy
2026-03-20 13:50:23.525 [main] INFO  c.i.TliasWebManagementApplication - Starting TliasWebManagementApplication using Java 21.0.10 with PID 41832 (D:\SHEN\projects\java\web-project\springboot-web-02\tlias-web-management\target\classes started by SHEN in D:\SHEN\projects\java\web-project\springboot-web-02)
2026-03-20 13:50:23.531 [main] INFO  c.i.TliasWebManagementApplication - No active profile set, falling back to 1 default profile: "default"
2026-03-20 13:50:26.756 [main] INFO  o.s.boot.tomcat.TomcatWebServer - Tomcat initialized with port 8080 (http)
2026-03-20 13:50:26.792 [main] INFO  o.a.coyote.http11.Http11NioProtocol - Initializing ProtocolHandler ["http-nio-8080"]
2026-03-20 13:50:26.797 [main] INFO  o.a.catalina.core.StandardService - Starting service [Tomcat]
2026-03-20 13:50:26.797 [main] INFO  o.a.catalina.core.StandardEngine - Starting Servlet engine: [Apache Tomcat/11.0.18]
2026-03-20 13:50:26.939 [main] INFO  o.s.b.w.c.s.WebApplicationContextInitializer - Root WebApplicationContext: initialization completed in 3278 ms
2026-03-20 13:50:27.915 [main] INFO  c.i.TliasWebManagementApplication - Starting TliasWebManagementApplication using Java 21.0.10 with PID 42912 (D:\SHEN\projects\java\web-project\springboot-web-02\tlias-web-management\target\classes started by SHEN in D:\SHEN\projects\java\web-project\springboot-web-02)
2026-03-20 13:50:27.919 [main] INFO  c.i.TliasWebManagementApplication - No active profile set, falling back to 1 default profile: "default"
2026-03-20 13:50:28.663 [main] INFO  o.a.coyote.http11.Http11NioProtocol - Starting ProtocolHandler ["http-nio-8080"]
2026-03-20 13:50:28.700 [main] INFO  o.s.boot.tomcat.TomcatWebServer - Tomcat started on port 8080 (http) with context path '/'
2026-03-20 13:50:28.709 [main] INFO  c.i.TliasWebManagementApplication - Started TliasWebManagementApplication in 6.179 seconds (process running for 8.715)
2026-03-20 13:50:29.441 [main] INFO  o.s.boot.tomcat.TomcatWebServer - Tomcat initialized with port 8080 (http)
2026-03-20 13:50:29.467 [main] INFO  o.a.coyote.http11.Http11NioProtocol - Initializing ProtocolHandler ["http-nio-8080"]
2026-03-20 13:50:29.469 [main] INFO  o.a.catalina.core.StandardService - Starting service [Tomcat]
2026-03-20 13:50:29.469 [main] INFO  o.a.catalina.core.StandardEngine - Starting Servlet engine: [Apache Tomcat/11.0.18]
2026-03-20 13:50:29.572 [main] INFO  o.s.b.w.c.s.WebApplicationContextInitializer - Root WebApplicationContext: initialization completed in 1571 ms
2026-03-20 13:50:30.540 [main] INFO  o.a.coyote.http11.Http11NioProtocol - Starting ProtocolHandler ["http-nio-8080"]
2026-03-20 13:50:30.548 [main] WARN  o.s.b.w.s.s.c.AnnotationConfigServletWebServerApplicationContext - Exception encountered during context initialization - cancelling refresh attempt: org.springframework.context.ApplicationContextException: Failed to start bean 'webServerStartStop'
2026-03-20 13:50:30.563 [main] INFO  o.s.b.a.l.ConditionEvaluationReportLogger - 

Error starting ApplicationContext. To display the condition evaluation report re-run your application with 'debug' enabled.
2026-03-20 13:50:30.585 [main] ERROR o.s.b.d.LoggingFailureAnalysisReporter - 

***************************
APPLICATION FAILED TO START
***************************

Description:

Web server failed to start. Port 8080 was already in use.

Action:

Identify and stop the process that's listening on port 8080 or configure this application to listen on another port.

2026-03-20 13:50:43.802 [SpringApplicationShutdownHook] INFO  o.s.boot.tomcat.GracefulShutdown - Commencing graceful shutdown. Waiting for active requests to complete
2026-03-20 13:50:43.813 [tomcat-shutdown] INFO  o.s.boot.tomcat.GracefulShutdown - Graceful shutdown complete
2026-03-20 13:50:56.052 [main] INFO  c.i.TliasWebManagementApplication - Starting TliasWebManagementApplication using Java 21.0.10 with PID 42984 (D:\SHEN\projects\java\web-project\springboot-web-02\tlias-web-management\target\classes started by SHEN in D:\SHEN\projects\java\web-project\springboot-web-02)
2026-03-20 13:50:56.093 [main] INFO  c.i.TliasWebManagementApplication - No active profile set, falling back to 1 default profile: "default"
2026-03-20 13:51:05.024 [main] INFO  o.s.boot.tomcat.TomcatWebServer - Tomcat initialized with port 8080 (http)
2026-03-20 13:51:05.072 [main] INFO  o.a.coyote.http11.Http11NioProtocol - Initializing ProtocolHandler ["http-nio-8080"]
2026-03-20 13:51:05.078 [main] INFO  o.a.catalina.core.StandardService - Starting service [Tomcat]
2026-03-20 13:51:05.082 [main] INFO  o.a.catalina.core.StandardEngine - Starting Servlet engine: [Apache Tomcat/11.0.18]
2026-03-20 13:51:05.413 [main] INFO  o.s.b.w.c.s.WebApplicationContextInitializer - Root WebApplicationContext: initialization completed in 8911 ms
2026-03-20 13:51:10.061 [main] INFO  o.a.coyote.http11.Http11NioProtocol - Starting ProtocolHandler ["http-nio-8080"]
2026-03-20 13:51:10.125 [main] INFO  o.s.boot.tomcat.TomcatWebServer - Tomcat started on port 8080 (http) with context path '/'
2026-03-20 13:51:10.153 [main] INFO  c.i.TliasWebManagementApplication - Started TliasWebManagementApplication in 18.348 seconds (process running for 24.745)
2026-03-20 13:51:21.661 [http-nio-8080-exec-2] INFO  o.a.c.c.C.[Tomcat].[localhost].[/] - Initializing Spring DispatcherServlet 'dispatcherServlet'
2026-03-20 13:51:21.663 [http-nio-8080-exec-2] INFO  o.s.web.servlet.DispatcherServlet - Initializing Servlet 'dispatcherServlet'
2026-03-20 13:51:21.665 [http-nio-8080-exec-2] INFO  o.s.web.servlet.DispatcherServlet - Completed initialization in 2 ms
2026-03-20 13:51:21.678 [http-nio-8080-exec-1] INFO  com.itheima.filter.TokenFilter - 执行方法 doFilter
2026-03-20 13:51:21.678 [http-nio-8080-exec-2] INFO  com.itheima.filter.TokenFilter - 执行方法 doFilter
2026-03-20 13:51:22.826 [http-nio-8080-exec-2] INFO  com.itheima.filter.TokenFilter - 令牌校验通过,放行
2026-03-20 13:51:22.826 [http-nio-8080-exec-1] INFO  com.itheima.filter.TokenFilter - 令牌校验通过,放行
2026-03-20 13:51:22.892 [http-nio-8080-exec-2] INFO  c.itheima.controller.EmpController - 查询所有员工
2026-03-20 13:51:22.947 [http-nio-8080-exec-2] INFO  com.zaxxer.hikari.HikariDataSource - HikariPool-1 - Starting...
2026-03-20 13:51:22.947 [http-nio-8080-exec-1] DEBUG o.s.j.support.JdbcTransactionManager - Creating new transaction with name [com.itheima.service.impl.ClazzsServiceImpl.findAllClazzs]: PROPAGATION_REQUIRED,ISOLATION_DEFAULT,-java.lang.Exception
2026-03-20 13:51:23.880 [http-nio-8080-exec-2] INFO  com.zaxxer.hikari.pool.HikariPool - HikariPool-1 - Added connection com.mysql.cj.jdbc.ConnectionImpl@7378453c
2026-03-20 13:51:23.883 [http-nio-8080-exec-2] INFO  com.zaxxer.hikari.HikariDataSource - HikariPool-1 - Start completed.
2026-03-20 13:51:23.893 [http-nio-8080-exec-1] DEBUG o.s.j.support.JdbcTransactionManager - Acquired Connection [HikariProxyConnection@201686613 wrapping com.mysql.cj.jdbc.ConnectionImpl@7378453c] for JDBC transaction
2026-03-20 13:51:23.896 [http-nio-8080-exec-1] DEBUG o.s.j.support.JdbcTransactionManager - Switching JDBC Connection [HikariProxyConnection@201686613 wrapping com.mysql.cj.jdbc.ConnectionImpl@7378453c] to manual commit
2026-03-20 13:51:24.171 [http-nio-8080-exec-1] DEBUG o.s.j.support.JdbcTransactionManager - Initiating transaction commit
2026-03-20 13:51:24.171 [http-nio-8080-exec-1] DEBUG o.s.j.support.JdbcTransactionManager - Committing JDBC transaction on Connection [HikariProxyConnection@201686613 wrapping com.mysql.cj.jdbc.ConnectionImpl@7378453c]
2026-03-20 13:51:24.178 [http-nio-8080-exec-1] DEBUG o.s.j.support.JdbcTransactionManager - Releasing JDBC Connection [HikariProxyConnection@201686613 wrapping com.mysql.cj.jdbc.ConnectionImpl@7378453c] after transaction
2026-03-20 13:51:24.178 [http-nio-8080-exec-1] INFO  c.i.controller.ClazzsController - PageResult(total=4, rows=Page{count=true, pageNum=1, pageSize=10, startRow=0, endRow=10, total=4, pages=1, reasonable=false, pageSizeZero=false}[Clazz(id=4, name=JavaEE就业166期, room=105, beginDate=2024-07-20, endDate=2024-02-20, masterId=20, subject=null, createTime=2024-06-01T17:46:10, updateTime=2024-06-01T17:46:10, masterName=阮小二, status=已毕业), Clazz(id=3, name=JavaEE就业165期, room=108, beginDate=2024-06-15, endDate=2024-12-25, masterId=6, subject=null, createTime=2024-06-01T17:45:40, updateTime=2024-06-01T17:45:40, masterName=扈三娘, status=已毕业), Clazz(id=2, name=前端就业90期, room=210, beginDate=2024-07-10, endDate=2024-01-20, masterId=3, subject=null, createTime=2024-06-01T17:45:12, updateTime=2024-06-01T17:45:12, masterName=卢俊义, status=已毕业), Clazz(id=1, name=JavaEE就业163期, room=212, beginDate=2024-04-30, endDate=2024-06-29, masterId=10, subject=null, createTime=2024-06-01T17:08:23, updateTime=2024-06-01T17:39:58, masterName=林冲, status=已毕业)])
2026-03-20 13:51:45.510 [http-nio-8080-exec-7] INFO  com.itheima.filter.TokenFilter - 执行方法 doFilter
2026-03-20 13:51:45.779 [http-nio-8080-exec-7] INFO  c.itheima.controller.LoginController - 用户登录Emp(id=null, username=songjiang, password=123456, name=null, gender=null, phone=null, job=null, salary=null, image=null, entryDate=null, deptId=null, createTime=null, updateTime=null, deptName=null, exprList=null)
2026-03-20 13:56:39.392 [SpringApplicationShutdownHook] INFO  o.s.boot.tomcat.GracefulShutdown - Commencing graceful shutdown. Waiting for active requests to complete
2026-03-20 13:56:39.404 [tomcat-shutdown] INFO  o.s.boot.tomcat.GracefulShutdown - Graceful shutdown complete
2026-03-20 13:56:39.411 [SpringApplicationShutdownHook] INFO  com.zaxxer.hikari.HikariDataSource - HikariPool-1 - Shutdown initiated...
2026-03-20 13:56:39.427 [SpringApplicationShutdownHook] INFO  com.zaxxer.hikari.HikariDataSource - HikariPool-1 - Shutdown completed.
2026-03-20 13:57:00.826 [main] INFO  c.i.TliasWebManagementApplication - Starting TliasWebManagementApplication using Java 21.0.10 with PID 38284 (D:\SHEN\projects\java\web-project\springboot-web-02\tlias-web-management\target\classes started by SHEN in D:\SHEN\projects\java\web-project\springboot-web-02)
2026-03-20 13:57:00.844 [main] INFO  c.i.TliasWebManagementApplication - No active profile set, falling back to 1 default profile: "default"
2026-03-20 13:57:12.325 [main] INFO  o.s.boot.tomcat.TomcatWebServer - Tomcat initialized with port 8080 (http)
2026-03-20 13:57:12.394 [main] INFO  o.a.coyote.http11.Http11NioProtocol - Initializing ProtocolHandler ["http-nio-8080"]
2026-03-20 13:57:12.400 [main] INFO  o.a.catalina.core.StandardService - Starting service [Tomcat]
2026-03-20 13:57:12.407 [main] INFO  o.a.catalina.core.StandardEngine - Starting Servlet engine: [Apache Tomcat/11.0.18]
2026-03-20 13:57:13.175 [main] INFO  o.s.b.w.c.s.WebApplicationContextInitializer - Root WebApplicationContext: initialization completed in 11952 ms
2026-03-20 13:57:16.530 [main] INFO  o.a.coyote.http11.Http11NioProtocol - Starting ProtocolHandler ["http-nio-8080"]
2026-03-20 13:57:16.638 [main] INFO  o.s.boot.tomcat.TomcatWebServer - Tomcat started on port 8080 (http) with context path '/'
2026-03-20 13:57:16.661 [main] INFO  c.i.TliasWebManagementApplication - Started TliasWebManagementApplication in 20.19 seconds (process running for 29.576)
2026-03-20 13:57:30.560 [http-nio-8080-exec-1] INFO  o.a.c.c.C.[Tomcat].[localhost].[/] - Initializing Spring DispatcherServlet 'dispatcherServlet'
2026-03-20 13:57:30.560 [http-nio-8080-exec-1] INFO  o.s.web.servlet.DispatcherServlet - Initializing Servlet 'dispatcherServlet'
2026-03-20 13:57:30.562 [http-nio-8080-exec-1] INFO  o.s.web.servlet.DispatcherServlet - Completed initialization in 2 ms
2026-03-20 13:57:30.592 [http-nio-8080-exec-1] INFO  com.itheima.filter.TokenFilter - 执行方法 doFilter
2026-03-20 13:57:31.060 [http-nio-8080-exec-1] INFO  c.itheima.controller.LoginController - 用户登录Emp(id=null, username=songjiang, password=123456, name=null, gender=null, phone=null, job=null, salary=null, image=null, entryDate=null, deptId=null, createTime=null, updateTime=null, deptName=null, exprList=null)
2026-03-20 13:57:41.130 [http-nio-8080-exec-1] INFO  com.zaxxer.hikari.HikariDataSource - HikariPool-1 - Starting...
2026-03-20 13:57:41.740 [http-nio-8080-exec-1] INFO  com.zaxxer.hikari.pool.HikariPool - HikariPool-1 - Added connection com.mysql.cj.jdbc.ConnectionImpl@6054a436
2026-03-20 13:57:41.743 [http-nio-8080-exec-1] INFO  com.zaxxer.hikari.HikariDataSource - HikariPool-1 - Start completed.
2026-03-20 13:58:00.154 [http-nio-8080-exec-2] INFO  com.itheima.filter.TokenFilter - 执行方法 doFilter
2026-03-20 13:58:00.156 [http-nio-8080-exec-2] INFO  c.itheima.controller.LoginController - 用户登录Emp(id=null, username=songjang, password=123456, name=null, gender=null, phone=null, job=null, salary=null, image=null, entryDate=null, deptId=null, createTime=null, updateTime=null, deptName=null, exprList=null)
2026-03-20 13:59:28.465 [http-nio-8080-exec-3] INFO  com.itheima.filter.TokenFilter - 执行方法 doFilter
2026-03-20 13:59:28.466 [http-nio-8080-exec-3] INFO  c.itheima.controller.LoginController - 用户登录Emp(id=null, username=songjiang, password=123456, name=null, gender=null, phone=null, job=null, salary=null, image=null, entryDate=null, deptId=null, createTime=null, updateTime=null, deptName=null, exprList=null)
2026-03-20 13:59:51.265 [SpringApplicationShutdownHook] INFO  o.s.boot.tomcat.GracefulShutdown - Commencing graceful shutdown. Waiting for active requests to complete
2026-03-20 13:59:51.273 [tomcat-shutdown] INFO  o.s.boot.tomcat.GracefulShutdown - Graceful shutdown complete
2026-03-20 13:59:51.279 [SpringApplicationShutdownHook] INFO  com.zaxxer.hikari.HikariDataSource - HikariPool-1 - Shutdown initiated...
2026-03-20 13:59:51.292 [SpringApplicationShutdownHook] INFO  com.zaxxer.hikari.HikariDataSource - HikariPool-1 - Shutdown completed.
2026-03-20 13:59:58.008 [main] INFO  c.i.TliasWebManagementApplication - Starting TliasWebManagementApplication using Java 21.0.10 with PID 49672 (D:\SHEN\projects\java\web-project\springboot-web-02\tlias-web-management\target\classes started by SHEN in D:\SHEN\projects\java\web-project\springboot-web-02)
2026-03-20 13:59:58.020 [main] INFO  c.i.TliasWebManagementApplication - No active profile set, falling back to 1 default profile: "default"
2026-03-20 14:00:00.331 [main] INFO  o.s.boot.tomcat.TomcatWebServer - Tomcat initialized with port 8080 (http)
2026-03-20 14:00:00.355 [main] INFO  o.a.coyote.http11.Http11NioProtocol - Initializing ProtocolHandler ["http-nio-8080"]
2026-03-20 14:00:00.359 [main] INFO  o.a.catalina.core.StandardService - Starting service [Tomcat]
2026-03-20 14:00:00.359 [main] INFO  o.a.catalina.core.StandardEngine - Starting Servlet engine: [Apache Tomcat/11.0.18]
2026-03-20 14:00:00.470 [main] INFO  o.s.b.w.c.s.WebApplicationContextInitializer - Root WebApplicationContext: initialization completed in 2299 ms
2026-03-20 14:00:01.861 [main] INFO  o.a.coyote.http11.Http11NioProtocol - Starting ProtocolHandler ["http-nio-8080"]
2026-03-20 14:00:01.909 [main] INFO  o.s.boot.tomcat.TomcatWebServer - Tomcat started on port 8080 (http) with context path '/'
2026-03-20 14:00:01.920 [main] INFO  c.i.TliasWebManagementApplication - Started TliasWebManagementApplication in 5.111 seconds (process running for 7.752)
2026-03-20 14:00:04.185 [http-nio-8080-exec-2] INFO  o.a.c.c.C.[Tomcat].[localhost].[/] - Initializing Spring DispatcherServlet 'dispatcherServlet'
2026-03-20 14:00:04.185 [http-nio-8080-exec-2] INFO  o.s.web.servlet.DispatcherServlet - Initializing Servlet 'dispatcherServlet'
2026-03-20 14:00:04.188 [http-nio-8080-exec-2] INFO  o.s.web.servlet.DispatcherServlet - Completed initialization in 2 ms
2026-03-20 14:00:04.195 [http-nio-8080-exec-2] INFO  com.itheima.filter.TokenFilter - 执行方法 doFilter
2026-03-20 14:00:04.382 [http-nio-8080-exec-2] INFO  c.itheima.controller.LoginController - 用户登录Emp(id=null, username=songjiang, password=123456, name=null, gender=null, phone=null, job=null, salary=null, image=null, entryDate=null, deptId=null, createTime=null, updateTime=null, deptName=null, exprList=null)
2026-03-20 14:00:04.445 [http-nio-8080-exec-2] INFO  com.zaxxer.hikari.HikariDataSource - HikariPool-1 - Starting...
2026-03-20 14:00:05.038 [http-nio-8080-exec-2] INFO  com.zaxxer.hikari.pool.HikariPool - HikariPool-1 - Added connection com.mysql.cj.jdbc.ConnectionImpl@1a214707
2026-03-20 14:00:05.042 [http-nio-8080-exec-2] INFO  com.zaxxer.hikari.HikariDataSource - HikariPool-1 - Start completed.
2026-03-20 16:32:45.619 [SpringApplicationShutdownHook] INFO  o.s.boot.tomcat.GracefulShutdown - Commencing graceful shutdown. Waiting for active requests to complete
2026-03-20 16:32:45.764 [tomcat-shutdown] INFO  o.s.boot.tomcat.GracefulShutdown - Graceful shutdown complete
2026-03-20 16:32:45.864 [SpringApplicationShutdownHook] INFO  com.zaxxer.hikari.HikariDataSource - HikariPool-1 - Shutdown initiated...
2026-03-20 16:32:45.930 [SpringApplicationShutdownHook] INFO  com.zaxxer.hikari.HikariDataSource - HikariPool-1 - Shutdown completed.
2026-03-20 17:15:06.809 [main] INFO  c.i.TliasWebManagementApplication - Starting TliasWebManagementApplication using Java 21.0.10 with PID 34216 (D:\SHEN\projects\java\web-project\springboot-web-02\tlias-web-management\target\classes started by SHEN in D:\SHEN\projects\java\web-project\springboot-web-02)
2026-03-20 17:15:06.813 [main] INFO  c.i.TliasWebManagementApplication - No active profile set, falling back to 1 default profile: "default"
2026-03-20 17:15:09.273 [main] INFO  o.s.boot.tomcat.TomcatWebServer - Tomcat initialized with port 8080 (http)
2026-03-20 17:15:09.298 [main] INFO  o.a.coyote.http11.Http11NioProtocol - Initializing ProtocolHandler ["http-nio-8080"]
2026-03-20 17:15:09.301 [main] INFO  o.a.catalina.core.StandardService - Starting service [Tomcat]
2026-03-20 17:15:09.301 [main] INFO  o.a.catalina.core.StandardEngine - Starting Servlet engine: [Apache Tomcat/11.0.18]
2026-03-20 17:15:09.413 [main] INFO  o.s.b.w.c.s.WebApplicationContextInitializer - Root WebApplicationContext: initialization completed in 2529 ms
2026-03-20 17:15:11.183 [main] INFO  o.a.coyote.http11.Http11NioProtocol - Starting ProtocolHandler ["http-nio-8080"]
2026-03-20 17:15:11.217 [main] INFO  o.s.boot.tomcat.TomcatWebServer - Tomcat started on port 8080 (http) with context path '/'
2026-03-20 17:15:11.228 [main] INFO  c.i.TliasWebManagementApplication - Started TliasWebManagementApplication in 5.572 seconds (process running for 7.499)
