2026-03-16 03:50:05.422 [HikariPool-1:housekeeper] WARN  com.zaxxer.hikari.pool.HikariPool - HikariPool-1 - Thread starvation or clock leap detected (housekeeper delta=3h25m48s283ms23µs600ns).
2026-03-16 09:03:40.255 [HikariPool-1:housekeeper] WARN  com.zaxxer.hikari.pool.HikariPool - HikariPool-1 - Thread starvation or clock leap detected (housekeeper delta=4h55m34s434ms366µs900ns).
2026-03-16 09:39:00.948 [SpringApplicationShutdownHook] INFO  o.s.boot.tomcat.GracefulShutdown - Commencing graceful shutdown. Waiting for active requests to complete
2026-03-16 09:39:01.084 [tomcat-shutdown] INFO  o.s.boot.tomcat.GracefulShutdown - Graceful shutdown complete
2026-03-16 09:39:01.212 [SpringApplicationShutdownHook] INFO  com.zaxxer.hikari.HikariDataSource - HikariPool-1 - Shutdown initiated...
2026-03-16 09:39:01.273 [SpringApplicationShutdownHook] INFO  com.zaxxer.hikari.HikariDataSource - HikariPool-1 - Shutdown completed.
2026-03-16 09:39:16.330 [main] INFO  c.i.TliasWebManagementApplication - Starting TliasWebManagementApplication using Java 21.0.10 with PID 48876 (D:\SHEN\projects\java\web-project\springboot-web-02\tlias-web-management\target\classes started by SHEN in D:\SHEN\projects\java\web-project\springboot-web-02)
2026-03-16 09:39:16.339 [main] INFO  c.i.TliasWebManagementApplication - No active profile set, falling back to 1 default profile: "default"
2026-03-16 09:39:18.535 [main] INFO  o.s.boot.tomcat.TomcatWebServer - Tomcat initialized with port 8080 (http)
2026-03-16 09:39:18.565 [main] INFO  o.a.coyote.http11.Http11NioProtocol - Initializing ProtocolHandler ["http-nio-8080"]
2026-03-16 09:39:18.566 [main] INFO  o.a.catalina.core.StandardService - Starting service [Tomcat]
2026-03-16 09:39:18.568 [main] INFO  o.a.catalina.core.StandardEngine - Starting Servlet engine: [Apache Tomcat/11.0.18]
2026-03-16 09:39:18.668 [main] INFO  o.s.b.w.c.s.WebApplicationContextInitializer - Root WebApplicationContext: initialization completed in 2216 ms
2026-03-16 09:39:19.899 [main] INFO  o.a.coyote.http11.Http11NioProtocol - Starting ProtocolHandler ["http-nio-8080"]
2026-03-16 09:39:19.934 [main] INFO  o.s.boot.tomcat.TomcatWebServer - Tomcat started on port 8080 (http) with context path '/'
2026-03-16 09:39:19.944 [main] INFO  c.i.TliasWebManagementApplication - Started TliasWebManagementApplication in 4.665 seconds (process running for 8.456)
2026-03-16 09:39:21.983 [http-nio-8080-exec-1] INFO  o.a.c.c.C.[Tomcat].[localhost].[/] - Initializing Spring DispatcherServlet 'dispatcherServlet'
2026-03-16 09:39:21.984 [http-nio-8080-exec-1] INFO  o.s.web.servlet.DispatcherServlet - Initializing Servlet 'dispatcherServlet'
2026-03-16 09:39:21.986 [http-nio-8080-exec-1] INFO  o.s.web.servlet.DispatcherServlet - Completed initialization in 2 ms
2026-03-16 09:39:38.800 [http-nio-8080-exec-3] INFO  com.itheima.controller.Upload - 接受参数,123,123333,org.springframework.web.multipart.support.StandardMultipartHttpServletRequest$StandardMultipartFile@6eacf476
2026-03-16 09:44:39.398 [SpringApplicationShutdownHook] INFO  o.s.boot.tomcat.GracefulShutdown - Commencing graceful shutdown. Waiting for active requests to complete
2026-03-16 09:44:39.410 [tomcat-shutdown] INFO  o.s.boot.tomcat.GracefulShutdown - Graceful shutdown complete
2026-03-16 09:44:46.882 [main] INFO  c.i.TliasWebManagementApplication - Starting TliasWebManagementApplication using Java 21.0.10 with PID 32880 (D:\SHEN\projects\java\web-project\springboot-web-02\tlias-web-management\target\classes started by SHEN in D:\SHEN\projects\java\web-project\springboot-web-02)
2026-03-16 09:44:46.888 [main] INFO  c.i.TliasWebManagementApplication - No active profile set, falling back to 1 default profile: "default"
2026-03-16 09:44:48.653 [main] INFO  o.s.boot.tomcat.TomcatWebServer - Tomcat initialized with port 8080 (http)
2026-03-16 09:44:48.679 [main] INFO  o.a.coyote.http11.Http11NioProtocol - Initializing ProtocolHandler ["http-nio-8080"]
2026-03-16 09:44:48.682 [main] INFO  o.a.catalina.core.StandardService - Starting service [Tomcat]
2026-03-16 09:44:48.682 [main] INFO  o.a.catalina.core.StandardEngine - Starting Servlet engine: [Apache Tomcat/11.0.18]
2026-03-16 09:44:48.772 [main] INFO  o.s.b.w.c.s.WebApplicationContextInitializer - Root WebApplicationContext: initialization completed in 1794 ms
2026-03-16 09:44:49.853 [main] INFO  o.a.coyote.http11.Http11NioProtocol - Starting ProtocolHandler ["http-nio-8080"]
2026-03-16 09:44:49.889 [main] INFO  o.s.boot.tomcat.TomcatWebServer - Tomcat started on port 8080 (http) with context path '/'
2026-03-16 09:44:49.898 [main] INFO  c.i.TliasWebManagementApplication - Started TliasWebManagementApplication in 3.863 seconds (process running for 5.953)
2026-03-16 10:40:14.108 [SpringApplicationShutdownHook] INFO  o.s.boot.tomcat.GracefulShutdown - Commencing graceful shutdown. Waiting for active requests to complete
2026-03-16 10:40:14.246 [tomcat-shutdown] INFO  o.s.boot.tomcat.GracefulShutdown - Graceful shutdown complete
2026-03-16 10:40:34.203 [main] INFO  c.i.TliasWebManagementApplication - Starting TliasWebManagementApplication using Java 21.0.10 with PID 41148 (D:\SHEN\projects\java\web-project\springboot-web-02\tlias-web-management\target\classes started by SHEN in D:\SHEN\projects\java\web-project\springboot-web-02)
2026-03-16 10:40:34.211 [main] INFO  c.i.TliasWebManagementApplication - No active profile set, falling back to 1 default profile: "default"
2026-03-16 10:40:36.734 [main] INFO  o.s.boot.tomcat.TomcatWebServer - Tomcat initialized with port 8080 (http)
2026-03-16 10:40:36.771 [main] INFO  o.a.coyote.http11.Http11NioProtocol - Initializing ProtocolHandler ["http-nio-8080"]
2026-03-16 10:40:36.776 [main] INFO  o.a.catalina.core.StandardService - Starting service [Tomcat]
2026-03-16 10:40:36.776 [main] INFO  o.a.catalina.core.StandardEngine - Starting Servlet engine: [Apache Tomcat/11.0.18]
2026-03-16 10:40:36.907 [main] INFO  o.s.b.w.c.s.WebApplicationContextInitializer - Root WebApplicationContext: initialization completed in 2561 ms
2026-03-16 10:40:38.870 [main] INFO  o.a.coyote.http11.Http11NioProtocol - Starting ProtocolHandler ["http-nio-8080"]
2026-03-16 10:40:38.921 [main] INFO  o.s.boot.tomcat.TomcatWebServer - Tomcat started on port 8080 (http) with context path '/'
2026-03-16 10:40:38.935 [main] INFO  c.i.TliasWebManagementApplication - Started TliasWebManagementApplication in 5.841 seconds (process running for 8.51)
2026-03-16 10:40:57.445 [SpringApplicationShutdownHook] INFO  o.s.boot.tomcat.GracefulShutdown - Commencing graceful shutdown. Waiting for active requests to complete
2026-03-16 10:40:57.459 [tomcat-shutdown] INFO  o.s.boot.tomcat.GracefulShutdown - Graceful shutdown complete
2026-03-16 10:41:15.154 [main] INFO  c.i.TliasWebManagementApplication - Starting TliasWebManagementApplication using Java 21.0.10 with PID 45336 (D:\SHEN\projects\java\web-project\springboot-web-02\tlias-web-management\target\classes started by SHEN in D:\SHEN\projects\java\web-project\springboot-web-02)
2026-03-16 10:41:15.159 [main] INFO  c.i.TliasWebManagementApplication - No active profile set, falling back to 1 default profile: "default"
2026-03-16 10:41:16.509 [main] INFO  o.s.boot.tomcat.TomcatWebServer - Tomcat initialized with port 8080 (http)
2026-03-16 10:41:16.526 [main] INFO  o.a.coyote.http11.Http11NioProtocol - Initializing ProtocolHandler ["http-nio-8080"]
2026-03-16 10:41:16.527 [main] INFO  o.a.catalina.core.StandardService - Starting service [Tomcat]
2026-03-16 10:41:16.527 [main] INFO  o.a.catalina.core.StandardEngine - Starting Servlet engine: [Apache Tomcat/11.0.18]
2026-03-16 10:41:16.595 [main] INFO  o.s.b.w.c.s.WebApplicationContextInitializer - Root WebApplicationContext: initialization completed in 1370 ms
2026-03-16 10:41:17.423 [main] INFO  o.a.coyote.http11.Http11NioProtocol - Starting ProtocolHandler ["http-nio-8080"]
2026-03-16 10:41:17.456 [main] INFO  o.s.boot.tomcat.TomcatWebServer - Tomcat started on port 8080 (http) with context path '/'
2026-03-16 10:41:17.465 [main] INFO  c.i.TliasWebManagementApplication - Started TliasWebManagementApplication in 3.022 seconds (process running for 4.818)
2026-03-16 10:44:21.260 [SpringApplicationShutdownHook] INFO  o.s.boot.tomcat.GracefulShutdown - Commencing graceful shutdown. Waiting for active requests to complete
2026-03-16 10:44:21.268 [tomcat-shutdown] INFO  o.s.boot.tomcat.GracefulShutdown - Graceful shutdown complete
2026-03-16 11:05:39.288 [main] INFO  c.i.TliasWebManagementApplication - Starting TliasWebManagementApplication using Java 21.0.10 with PID 34788 (D:\SHEN\projects\java\web-project\springboot-web-02\tlias-web-management\target\classes started by SHEN in D:\SHEN\projects\java\web-project\springboot-web-02)
2026-03-16 11:05:39.292 [main] INFO  c.i.TliasWebManagementApplication - No active profile set, falling back to 1 default profile: "default"
2026-03-16 11:05:41.433 [main] INFO  o.s.boot.tomcat.TomcatWebServer - Tomcat initialized with port 8080 (http)
2026-03-16 11:05:41.456 [main] INFO  o.a.coyote.http11.Http11NioProtocol - Initializing ProtocolHandler ["http-nio-8080"]
2026-03-16 11:05:41.458 [main] INFO  o.a.catalina.core.StandardService - Starting service [Tomcat]
2026-03-16 11:05:41.458 [main] INFO  o.a.catalina.core.StandardEngine - Starting Servlet engine: [Apache Tomcat/11.0.18]
2026-03-16 11:05:41.545 [main] INFO  o.s.b.w.c.s.WebApplicationContextInitializer - Root WebApplicationContext: initialization completed in 2132 ms
2026-03-16 11:05:42.915 [main] INFO  o.a.coyote.http11.Http11NioProtocol - Starting ProtocolHandler ["http-nio-8080"]
2026-03-16 11:05:42.952 [main] INFO  o.s.boot.tomcat.TomcatWebServer - Tomcat started on port 8080 (http) with context path '/'
2026-03-16 11:05:42.963 [main] INFO  c.i.TliasWebManagementApplication - Started TliasWebManagementApplication in 4.508 seconds (process running for 7.837)
2026-03-16 11:06:46.983 [http-nio-8080-exec-1] INFO  o.a.c.c.C.[Tomcat].[localhost].[/] - Initializing Spring DispatcherServlet 'dispatcherServlet'
2026-03-16 11:06:46.983 [http-nio-8080-exec-1] INFO  o.s.web.servlet.DispatcherServlet - Initializing Servlet 'dispatcherServlet'
2026-03-16 11:06:46.986 [http-nio-8080-exec-1] INFO  o.s.web.servlet.DispatcherServlet - Completed initialization in 1 ms
2026-03-16 11:06:47.091 [http-nio-8080-exec-1] INFO  com.itheima.controller.Upload - 接受参数,org.springframework.web.multipart.support.StandardMultipartHttpServletRequest$StandardMultipartFile@7673d935
2026-03-16 11:06:47.106 [http-nio-8080-exec-1] ERROR o.a.c.c.C.[.[.[.[dispatcherServlet] - Servlet.service() for servlet [dispatcherServlet] in context with path [] threw exception [Request processing failed: java.lang.NullPointerException: Cannot invoke "com.itheima.utils.AliyunOSSOperator.upload(byte[], String)" because "this.aliyunOSSOperator" is null] with root cause
java.lang.NullPointerException: Cannot invoke "com.itheima.utils.AliyunOSSOperator.upload(byte[], String)" because "this.aliyunOSSOperator" is null
	at com.itheima.controller.Upload.upload(Upload.java:49)
	at java.base/jdk.internal.reflect.DirectMethodHandleAccessor.invoke(DirectMethodHandleAccessor.java:103)
	at java.base/java.lang.reflect.Method.invoke(Method.java:580)
	at org.springframework.web.method.support.InvocableHandlerMethod.doInvoke(InvocableHandlerMethod.java:252)
	at org.springframework.web.method.support.InvocableHandlerMethod.invokeForRequest(InvocableHandlerMethod.java:184)
	at org.springframework.web.servlet.mvc.method.annotation.ServletInvocableHandlerMethod.invokeAndHandle(ServletInvocableHandlerMethod.java:117)
	at org.springframework.web.servlet.mvc.method.annotation.RequestMappingHandlerAdapter.invokeHandlerMethod(RequestMappingHandlerAdapter.java:934)
	at org.springframework.web.servlet.mvc.method.annotation.RequestMappingHandlerAdapter.handleInternal(RequestMappingHandlerAdapter.java:853)
	at org.springframework.web.servlet.mvc.method.AbstractHandlerMethodAdapter.handle(AbstractHandlerMethodAdapter.java:86)
	at org.springframework.web.servlet.DispatcherServlet.doDispatch(DispatcherServlet.java:963)
	at org.springframework.web.servlet.DispatcherServlet.doService(DispatcherServlet.java:866)
	at org.springframework.web.servlet.FrameworkServlet.processRequest(FrameworkServlet.java:1000)
	at org.springframework.web.servlet.FrameworkServlet.doPost(FrameworkServlet.java:903)
	at jakarta.servlet.http.HttpServlet.service(HttpServlet.java:649)
	at org.springframework.web.servlet.FrameworkServlet.service(FrameworkServlet.java:874)
	at jakarta.servlet.http.HttpServlet.service(HttpServlet.java:710)
	at org.apache.catalina.core.ApplicationFilterChain.doFilter(ApplicationFilterChain.java:128)
	at org.apache.tomcat.websocket.server.WsFilter.doFilter(WsFilter.java:53)
	at org.apache.catalina.core.ApplicationFilterChain.doFilter(ApplicationFilterChain.java:107)
	at org.springframework.web.filter.RequestContextFilter.doFilterInternal(RequestContextFilter.java:100)
	at org.springframework.web.filter.OncePerRequestFilter.doFilter(OncePerRequestFilter.java:116)
	at org.apache.catalina.core.ApplicationFilterChain.doFilter(ApplicationFilterChain.java:107)
	at org.springframework.web.filter.FormContentFilter.doFilterInternal(FormContentFilter.java:93)
	at org.springframework.web.filter.OncePerRequestFilter.doFilter(OncePerRequestFilter.java:116)
	at org.apache.catalina.core.ApplicationFilterChain.doFilter(ApplicationFilterChain.java:107)
	at org.springframework.web.filter.CharacterEncodingFilter.doFilterInternal(CharacterEncodingFilter.java:199)
	at org.springframework.web.filter.OncePerRequestFilter.doFilter(OncePerRequestFilter.java:116)
	at org.apache.catalina.core.ApplicationFilterChain.doFilter(ApplicationFilterChain.java:107)
	at org.apache.catalina.core.StandardWrapperValve.invoke(StandardWrapperValve.java:165)
	at org.apache.catalina.core.StandardContextValve.invoke(StandardContextValve.java:77)
	at org.apache.catalina.authenticator.AuthenticatorBase.invoke(AuthenticatorBase.java:492)
	at org.apache.catalina.core.StandardHostValve.invoke(StandardHostValve.java:113)
	at org.apache.catalina.valves.ErrorReportValve.invoke(ErrorReportValve.java:83)
	at org.apache.catalina.core.StandardEngineValve.invoke(StandardEngineValve.java:72)
	at org.apache.catalina.connector.CoyoteAdapter.service(CoyoteAdapter.java:341)
	at org.apache.coyote.http11.Http11Processor.service(Http11Processor.java:397)
	at org.apache.coyote.AbstractProcessorLight.process(AbstractProcessorLight.java:63)
	at org.apache.coyote.AbstractProtocol$ConnectionHandler.process(AbstractProtocol.java:903)
	at org.apache.tomcat.util.net.NioEndpoint$SocketProcessor.doRun(NioEndpoint.java:1779)
	at org.apache.tomcat.util.net.SocketProcessorBase.run(SocketProcessorBase.java:52)
	at org.apache.tomcat.util.threads.ThreadPoolExecutor.runWorker(ThreadPoolExecutor.java:946)
	at org.apache.tomcat.util.threads.ThreadPoolExecutor$Worker.run(ThreadPoolExecutor.java:480)
	at org.apache.tomcat.util.threads.TaskThread$WrappingRunnable.run(TaskThread.java:57)
	at java.base/java.lang.Thread.run(Thread.java:1583)
2026-03-16 11:07:24.631 [SpringApplicationShutdownHook] INFO  o.s.boot.tomcat.GracefulShutdown - Commencing graceful shutdown. Waiting for active requests to complete
2026-03-16 11:07:24.643 [tomcat-shutdown] INFO  o.s.boot.tomcat.GracefulShutdown - Graceful shutdown complete
2026-03-16 11:07:31.957 [main] INFO  c.i.TliasWebManagementApplication - Starting TliasWebManagementApplication using Java 21.0.10 with PID 35952 (D:\SHEN\projects\java\web-project\springboot-web-02\tlias-web-management\target\classes started by SHEN in D:\SHEN\projects\java\web-project\springboot-web-02)
2026-03-16 11:07:31.963 [main] INFO  c.i.TliasWebManagementApplication - No active profile set, falling back to 1 default profile: "default"
2026-03-16 11:07:33.568 [main] INFO  o.s.boot.tomcat.TomcatWebServer - Tomcat initialized with port 8080 (http)
2026-03-16 11:07:33.597 [main] INFO  o.a.coyote.http11.Http11NioProtocol - Initializing ProtocolHandler ["http-nio-8080"]
2026-03-16 11:07:33.600 [main] INFO  o.a.catalina.core.StandardService - Starting service [Tomcat]
2026-03-16 11:07:33.600 [main] INFO  o.a.catalina.core.StandardEngine - Starting Servlet engine: [Apache Tomcat/11.0.18]
2026-03-16 11:07:33.727 [main] INFO  o.s.b.w.c.s.WebApplicationContextInitializer - Root WebApplicationContext: initialization completed in 1679 ms
2026-03-16 11:07:34.726 [main] INFO  o.a.coyote.http11.Http11NioProtocol - Starting ProtocolHandler ["http-nio-8080"]
2026-03-16 11:07:34.752 [main] INFO  o.s.boot.tomcat.TomcatWebServer - Tomcat started on port 8080 (http) with context path '/'
2026-03-16 11:07:34.763 [main] INFO  c.i.TliasWebManagementApplication - Started TliasWebManagementApplication in 3.632 seconds (process running for 6.008)
2026-03-16 11:07:39.081 [SpringApplicationShutdownHook] INFO  o.s.boot.tomcat.GracefulShutdown - Commencing graceful shutdown. Waiting for active requests to complete
2026-03-16 11:07:39.091 [tomcat-shutdown] INFO  o.s.boot.tomcat.GracefulShutdown - Graceful shutdown complete
2026-03-16 11:07:46.388 [main] INFO  c.i.TliasWebManagementApplication - Starting TliasWebManagementApplication using Java 21.0.10 with PID 37620 (D:\SHEN\projects\java\web-project\springboot-web-02\tlias-web-management\target\classes started by SHEN in D:\SHEN\projects\java\web-project\springboot-web-02)
2026-03-16 11:07:46.392 [main] INFO  c.i.TliasWebManagementApplication - No active profile set, falling back to 1 default profile: "default"
2026-03-16 11:07:48.220 [main] INFO  o.s.boot.tomcat.TomcatWebServer - Tomcat initialized with port 8080 (http)
2026-03-16 11:07:48.252 [main] INFO  o.a.coyote.http11.Http11NioProtocol - Initializing ProtocolHandler ["http-nio-8080"]
2026-03-16 11:07:48.255 [main] INFO  o.a.catalina.core.StandardService - Starting service [Tomcat]
2026-03-16 11:07:48.256 [main] INFO  o.a.catalina.core.StandardEngine - Starting Servlet engine: [Apache Tomcat/11.0.18]
2026-03-16 11:07:48.386 [main] INFO  o.s.b.w.c.s.WebApplicationContextInitializer - Root WebApplicationContext: initialization completed in 1907 ms
2026-03-16 11:07:49.619 [main] INFO  o.a.coyote.http11.Http11NioProtocol - Starting ProtocolHandler ["http-nio-8080"]
2026-03-16 11:07:49.651 [main] INFO  o.s.boot.tomcat.TomcatWebServer - Tomcat started on port 8080 (http) with context path '/'
2026-03-16 11:07:49.659 [main] INFO  c.i.TliasWebManagementApplication - Started TliasWebManagementApplication in 4.252 seconds (process running for 6.556)
2026-03-16 11:08:07.746 [http-nio-8080-exec-2] INFO  o.a.c.c.C.[Tomcat].[localhost].[/] - Initializing Spring DispatcherServlet 'dispatcherServlet'
2026-03-16 11:08:07.746 [http-nio-8080-exec-2] INFO  o.s.web.servlet.DispatcherServlet - Initializing Servlet 'dispatcherServlet'
2026-03-16 11:08:07.749 [http-nio-8080-exec-2] INFO  o.s.web.servlet.DispatcherServlet - Completed initialization in 2 ms
2026-03-16 11:08:07.855 [http-nio-8080-exec-2] INFO  com.itheima.controller.Upload - 接受参数,org.springframework.web.multipart.support.StandardMultipartHttpServletRequest$StandardMultipartFile@1acabd4b
2026-03-16 11:08:09.407 [http-nio-8080-exec-2] INFO  com.itheima.controller.Upload - 文件上传成功,https://java-web-ai-shen.oss-cn-beijing.aliyuncs.com/2026/03/3104aecd-c618-43f2-9742-e29f34d91287.ico
2026-03-16 11:16:17.127 [http-nio-8080-exec-4] INFO  c.itheima.controller.EmpController - 分页查询,参数:EmpQueryParam(page=1, pageSize=10, name=, gender=null, begin=null, end=null)
2026-03-16 11:16:17.163 [http-nio-8080-exec-5] INFO  com.zaxxer.hikari.HikariDataSource - HikariPool-1 - Starting...
2026-03-16 11:16:17.886 [http-nio-8080-exec-5] INFO  com.zaxxer.hikari.pool.HikariPool - HikariPool-1 - Added connection com.mysql.cj.jdbc.ConnectionImpl@78293950
2026-03-16 11:16:17.892 [http-nio-8080-exec-5] INFO  com.zaxxer.hikari.HikariDataSource - HikariPool-1 - Start completed.
2026-03-16 11:16:42.503 [http-nio-8080-exec-6] INFO  com.itheima.controller.Upload - 接受参数,org.springframework.web.multipart.support.StandardMultipartHttpServletRequest$StandardMultipartFile@407d9f1d
2026-03-16 11:16:43.068 [http-nio-8080-exec-6] INFO  com.itheima.controller.Upload - 文件上传成功,https://java-web-ai-shen.oss-cn-beijing.aliyuncs.com/2026/03/15a5bbd2-7cc9-4372-a1af-a2e8032db024.png
2026-03-16 11:16:50.626 [http-nio-8080-exec-7] INFO  c.itheima.controller.EmpController - 添加员工,参数:Emp(id=null, username=ces, password=null, name=ces, gender=1, phone=13383234026, job=1, salary=1200, image=https://java-web-ai-shen.oss-cn-beijing.aliyuncs.com/2026/03/15a5bbd2-7cc9-4372-a1af-a2e8032db024.png, entryDate=2026-03-09, deptId=11, createTime=null, updateTime=null, deptName=null, exprList=[])
2026-03-16 11:16:50.662 [http-nio-8080-exec-7] DEBUG o.s.j.support.JdbcTransactionManager - Creating new transaction with name [com.itheima.service.impl.EmpServiceImpl.addEmp]: PROPAGATION_REQUIRED,ISOLATION_DEFAULT,-java.lang.Exception
2026-03-16 11:16:50.665 [http-nio-8080-exec-7] DEBUG o.s.j.support.JdbcTransactionManager - Acquired Connection [HikariProxyConnection@1689731277 wrapping com.mysql.cj.jdbc.ConnectionImpl@78293950] for JDBC transaction
2026-03-16 11:16:50.669 [http-nio-8080-exec-7] DEBUG o.s.j.support.JdbcTransactionManager - Switching JDBC Connection [HikariProxyConnection@1689731277 wrapping com.mysql.cj.jdbc.ConnectionImpl@78293950] to manual commit
2026-03-16 11:16:54.825 [http-nio-8080-exec-7] DEBUG o.s.j.support.JdbcTransactionManager - Initiating transaction commit
2026-03-16 11:16:54.825 [http-nio-8080-exec-7] DEBUG o.s.j.support.JdbcTransactionManager - Committing JDBC transaction on Connection [HikariProxyConnection@1689731277 wrapping com.mysql.cj.jdbc.ConnectionImpl@78293950]
2026-03-16 11:16:54.854 [http-nio-8080-exec-7] DEBUG o.s.j.support.JdbcTransactionManager - Releasing JDBC Connection [HikariProxyConnection@1689731277 wrapping com.mysql.cj.jdbc.ConnectionImpl@78293950] after transaction
2026-03-16 11:16:54.876 [http-nio-8080-exec-8] INFO  c.itheima.controller.EmpController - 分页查询,参数:EmpQueryParam(page=1, pageSize=10, name=, gender=null, begin=null, end=null)
2026-03-16 13:50:51.042 [http-nio-8080-exec-1] WARN  o.s.w.s.m.s.DefaultHandlerExceptionResolver - Resolved [org.springframework.web.HttpRequestMethodNotSupportedException: Request method 'DELETE' is not supported]
2026-03-16 13:51:44.919 [http-nio-8080-exec-3] WARN  o.s.w.s.m.s.DefaultHandlerExceptionResolver - Resolved [org.springframework.web.HttpRequestMethodNotSupportedException: Request method 'DELETE' is not supported]
2026-03-16 13:52:36.788 [SpringApplicationShutdownHook] INFO  o.s.boot.tomcat.GracefulShutdown - Commencing graceful shutdown. Waiting for active requests to complete
2026-03-16 13:52:36.802 [tomcat-shutdown] INFO  o.s.boot.tomcat.GracefulShutdown - Graceful shutdown complete
2026-03-16 13:52:36.818 [SpringApplicationShutdownHook] INFO  com.zaxxer.hikari.HikariDataSource - HikariPool-1 - Shutdown initiated...
2026-03-16 13:52:36.829 [SpringApplicationShutdownHook] INFO  com.zaxxer.hikari.HikariDataSource - HikariPool-1 - Shutdown completed.
2026-03-16 13:52:41.919 [main] INFO  c.i.TliasWebManagementApplication - Starting TliasWebManagementApplication using Java 21.0.10 with PID 36388 (D:\SHEN\projects\java\web-project\springboot-web-02\tlias-web-management\target\classes started by SHEN in D:\SHEN\projects\java\web-project\springboot-web-02)
2026-03-16 13:52:41.927 [main] INFO  c.i.TliasWebManagementApplication - No active profile set, falling back to 1 default profile: "default"
2026-03-16 13:52:43.814 [main] INFO  o.s.boot.tomcat.TomcatWebServer - Tomcat initialized with port 8080 (http)
2026-03-16 13:52:43.842 [main] INFO  o.a.coyote.http11.Http11NioProtocol - Initializing ProtocolHandler ["http-nio-8080"]
2026-03-16 13:52:43.844 [main] INFO  o.a.catalina.core.StandardService - Starting service [Tomcat]
2026-03-16 13:52:43.844 [main] INFO  o.a.catalina.core.StandardEngine - Starting Servlet engine: [Apache Tomcat/11.0.18]
2026-03-16 13:52:43.946 [main] INFO  o.s.b.w.c.s.WebApplicationContextInitializer - Root WebApplicationContext: initialization completed in 1867 ms
2026-03-16 13:52:45.462 [main] INFO  o.a.coyote.http11.Http11NioProtocol - Starting ProtocolHandler ["http-nio-8080"]
2026-03-16 13:52:45.494 [main] INFO  o.s.boot.tomcat.TomcatWebServer - Tomcat started on port 8080 (http) with context path '/'
2026-03-16 13:52:45.503 [main] INFO  c.i.TliasWebManagementApplication - Started TliasWebManagementApplication in 4.419 seconds (process running for 6.92)
2026-03-16 13:52:46.442 [http-nio-8080-exec-2] INFO  o.a.c.c.C.[Tomcat].[localhost].[/] - Initializing Spring DispatcherServlet 'dispatcherServlet'
2026-03-16 13:52:46.443 [http-nio-8080-exec-2] INFO  o.s.web.servlet.DispatcherServlet - Initializing Servlet 'dispatcherServlet'
2026-03-16 13:52:46.445 [http-nio-8080-exec-2] INFO  o.s.web.servlet.DispatcherServlet - Completed initialization in 2 ms
2026-03-16 13:52:46.571 [http-nio-8080-exec-2] WARN  o.s.w.s.m.s.DefaultHandlerExceptionResolver - Resolved [org.springframework.http.converter.HttpMessageNotReadableException: Required request body is missing: public com.itheima.pojo.Result com.itheima.controller.EmpController.delete(java.util.List<java.lang.Integer>)]
2026-03-16 13:52:48.933 [http-nio-8080-exec-4] WARN  o.s.w.s.m.s.DefaultHandlerExceptionResolver - Resolved [org.springframework.http.converter.HttpMessageNotReadableException: Required request body is missing: public com.itheima.pojo.Result com.itheima.controller.EmpController.delete(java.util.List<java.lang.Integer>)]
2026-03-16 13:53:31.831 [SpringApplicationShutdownHook] INFO  o.s.boot.tomcat.GracefulShutdown - Commencing graceful shutdown. Waiting for active requests to complete
2026-03-16 13:53:31.843 [tomcat-shutdown] INFO  o.s.boot.tomcat.GracefulShutdown - Graceful shutdown complete
2026-03-16 13:53:39.878 [main] INFO  c.i.TliasWebManagementApplication - Starting TliasWebManagementApplication using Java 21.0.10 with PID 47168 (D:\SHEN\projects\java\web-project\springboot-web-02\tlias-web-management\target\classes started by SHEN in D:\SHEN\projects\java\web-project\springboot-web-02)
2026-03-16 13:53:39.886 [main] INFO  c.i.TliasWebManagementApplication - No active profile set, falling back to 1 default profile: "default"
2026-03-16 13:53:42.109 [main] INFO  o.s.boot.tomcat.TomcatWebServer - Tomcat initialized with port 8080 (http)
2026-03-16 13:53:42.159 [main] INFO  o.a.coyote.http11.Http11NioProtocol - Initializing ProtocolHandler ["http-nio-8080"]
2026-03-16 13:53:42.161 [main] INFO  o.a.catalina.core.StandardService - Starting service [Tomcat]
2026-03-16 13:53:42.162 [main] INFO  o.a.catalina.core.StandardEngine - Starting Servlet engine: [Apache Tomcat/11.0.18]
2026-03-16 13:53:42.355 [main] INFO  o.s.b.w.c.s.WebApplicationContextInitializer - Root WebApplicationContext: initialization completed in 2329 ms
2026-03-16 13:53:43.739 [main] INFO  o.a.coyote.http11.Http11NioProtocol - Starting ProtocolHandler ["http-nio-8080"]
2026-03-16 13:53:43.792 [main] INFO  o.s.boot.tomcat.TomcatWebServer - Tomcat started on port 8080 (http) with context path '/'
2026-03-16 13:53:43.805 [main] INFO  c.i.TliasWebManagementApplication - Started TliasWebManagementApplication in 5.171 seconds (process running for 7.249)
2026-03-16 13:53:57.540 [http-nio-8080-exec-1] INFO  o.a.c.c.C.[Tomcat].[localhost].[/] - Initializing Spring DispatcherServlet 'dispatcherServlet'
2026-03-16 13:53:57.541 [http-nio-8080-exec-1] INFO  o.s.web.servlet.DispatcherServlet - Initializing Servlet 'dispatcherServlet'
2026-03-16 13:53:57.544 [http-nio-8080-exec-1] INFO  o.s.web.servlet.DispatcherServlet - Completed initialization in 2 ms
2026-03-16 13:53:57.714 [http-nio-8080-exec-1] INFO  c.itheima.controller.EmpController - 删除员工,参数:[1, 2, 3]
2026-03-16 13:54:16.332 [SpringApplicationShutdownHook] INFO  o.s.boot.tomcat.GracefulShutdown - Commencing graceful shutdown. Waiting for active requests to complete
2026-03-16 13:54:16.343 [tomcat-shutdown] INFO  o.s.boot.tomcat.GracefulShutdown - Graceful shutdown complete
2026-03-16 13:54:23.439 [main] INFO  c.i.TliasWebManagementApplication - Starting TliasWebManagementApplication using Java 21.0.10 with PID 34064 (D:\SHEN\projects\java\web-project\springboot-web-02\tlias-web-management\target\classes started by SHEN in D:\SHEN\projects\java\web-project\springboot-web-02)
2026-03-16 13:54:23.447 [main] INFO  c.i.TliasWebManagementApplication - No active profile set, falling back to 1 default profile: "default"
2026-03-16 13:54:25.301 [main] INFO  o.s.boot.tomcat.TomcatWebServer - Tomcat initialized with port 8080 (http)
2026-03-16 13:54:25.324 [main] INFO  o.a.coyote.http11.Http11NioProtocol - Initializing ProtocolHandler ["http-nio-8080"]
2026-03-16 13:54:25.327 [main] INFO  o.a.catalina.core.StandardService - Starting service [Tomcat]
2026-03-16 13:54:25.327 [main] INFO  o.a.catalina.core.StandardEngine - Starting Servlet engine: [Apache Tomcat/11.0.18]
2026-03-16 13:54:25.421 [main] INFO  o.s.b.w.c.s.WebApplicationContextInitializer - Root WebApplicationContext: initialization completed in 1863 ms
2026-03-16 13:54:26.484 [main] INFO  o.a.coyote.http11.Http11NioProtocol - Starting ProtocolHandler ["http-nio-8080"]
2026-03-16 13:54:26.514 [main] INFO  o.s.boot.tomcat.TomcatWebServer - Tomcat started on port 8080 (http) with context path '/'
2026-03-16 13:54:26.522 [main] INFO  c.i.TliasWebManagementApplication - Started TliasWebManagementApplication in 4.122 seconds (process running for 6.05)
2026-03-16 14:05:28.487 [http-nio-8080-exec-1] INFO  o.a.c.c.C.[Tomcat].[localhost].[/] - Initializing Spring DispatcherServlet 'dispatcherServlet'
2026-03-16 14:05:28.489 [http-nio-8080-exec-1] INFO  o.s.web.servlet.DispatcherServlet - Initializing Servlet 'dispatcherServlet'
2026-03-16 14:05:28.494 [http-nio-8080-exec-1] INFO  o.s.web.servlet.DispatcherServlet - Completed initialization in 4 ms
2026-03-16 14:05:28.591 [http-nio-8080-exec-1] INFO  c.itheima.controller.EmpController - 删除员工,参数:[68, 69]
2026-03-16 14:08:24.094 [SpringApplicationShutdownHook] INFO  o.s.boot.tomcat.GracefulShutdown - Commencing graceful shutdown. Waiting for active requests to complete
2026-03-16 14:08:24.106 [tomcat-shutdown] INFO  o.s.boot.tomcat.GracefulShutdown - Graceful shutdown complete
2026-03-16 14:08:31.037 [main] INFO  c.i.TliasWebManagementApplication - Starting TliasWebManagementApplication using Java 21.0.10 with PID 35240 (D:\SHEN\projects\java\web-project\springboot-web-02\tlias-web-management\target\classes started by SHEN in D:\SHEN\projects\java\web-project\springboot-web-02)
2026-03-16 14:08:31.041 [main] INFO  c.i.TliasWebManagementApplication - No active profile set, falling back to 1 default profile: "default"
2026-03-16 14:08:32.521 [main] INFO  o.s.boot.tomcat.TomcatWebServer - Tomcat initialized with port 8080 (http)
2026-03-16 14:08:32.540 [main] INFO  o.a.coyote.http11.Http11NioProtocol - Initializing ProtocolHandler ["http-nio-8080"]
2026-03-16 14:08:32.541 [main] INFO  o.a.catalina.core.StandardService - Starting service [Tomcat]
2026-03-16 14:08:32.543 [main] INFO  o.a.catalina.core.StandardEngine - Starting Servlet engine: [Apache Tomcat/11.0.18]
2026-03-16 14:08:32.613 [main] INFO  o.s.b.w.c.s.WebApplicationContextInitializer - Root WebApplicationContext: initialization completed in 1494 ms
2026-03-16 14:08:33.519 [main] INFO  o.a.coyote.http11.Http11NioProtocol - Starting ProtocolHandler ["http-nio-8080"]
2026-03-16 14:08:33.547 [main] INFO  o.s.boot.tomcat.TomcatWebServer - Tomcat started on port 8080 (http) with context path '/'
2026-03-16 14:08:33.554 [main] INFO  c.i.TliasWebManagementApplication - Started TliasWebManagementApplication in 3.247 seconds (process running for 5.305)
2026-03-16 14:08:39.615 [http-nio-8080-exec-1] INFO  o.a.c.c.C.[Tomcat].[localhost].[/] - Initializing Spring DispatcherServlet 'dispatcherServlet'
2026-03-16 14:08:39.616 [http-nio-8080-exec-1] INFO  o.s.web.servlet.DispatcherServlet - Initializing Servlet 'dispatcherServlet'
2026-03-16 14:08:39.618 [http-nio-8080-exec-1] INFO  o.s.web.servlet.DispatcherServlet - Completed initialization in 2 ms
2026-03-16 14:08:39.710 [http-nio-8080-exec-1] INFO  c.itheima.controller.EmpController - 删除员工,参数:[68, 69]
2026-03-16 14:08:39.722 [http-nio-8080-exec-1] DEBUG o.s.j.support.JdbcTransactionManager - Creating new transaction with name [com.itheima.service.impl.EmpServiceImpl.deleteEmp]: PROPAGATION_REQUIRED,ISOLATION_DEFAULT,-java.lang.Exception
2026-03-16 14:08:39.724 [http-nio-8080-exec-1] INFO  com.zaxxer.hikari.HikariDataSource - HikariPool-1 - Starting...
2026-03-16 14:08:40.668 [http-nio-8080-exec-1] INFO  com.zaxxer.hikari.pool.HikariPool - HikariPool-1 - Added connection com.mysql.cj.jdbc.ConnectionImpl@4c5d9b27
2026-03-16 14:08:40.674 [http-nio-8080-exec-1] INFO  com.zaxxer.hikari.HikariDataSource - HikariPool-1 - Start completed.
2026-03-16 14:08:40.681 [http-nio-8080-exec-1] DEBUG o.s.j.support.JdbcTransactionManager - Acquired Connection [HikariProxyConnection@435155807 wrapping com.mysql.cj.jdbc.ConnectionImpl@4c5d9b27] for JDBC transaction
2026-03-16 14:08:40.688 [http-nio-8080-exec-1] DEBUG o.s.j.support.JdbcTransactionManager - Switching JDBC Connection [HikariProxyConnection@435155807 wrapping com.mysql.cj.jdbc.ConnectionImpl@4c5d9b27] to manual commit
2026-03-16 14:08:40.941 [http-nio-8080-exec-1] DEBUG o.s.j.support.JdbcTransactionManager - Initiating transaction commit
2026-03-16 14:08:40.941 [http-nio-8080-exec-1] DEBUG o.s.j.support.JdbcTransactionManager - Committing JDBC transaction on Connection [HikariProxyConnection@435155807 wrapping com.mysql.cj.jdbc.ConnectionImpl@4c5d9b27]
2026-03-16 14:08:40.958 [http-nio-8080-exec-1] DEBUG o.s.j.support.JdbcTransactionManager - Releasing JDBC Connection [HikariProxyConnection@435155807 wrapping com.mysql.cj.jdbc.ConnectionImpl@4c5d9b27] after transaction
2026-03-16 14:09:09.310 [http-nio-8080-exec-3] INFO  c.itheima.controller.EmpController - 分页查询,参数:EmpQueryParam(page=1, pageSize=10, name=, gender=null, begin=null, end=null)
2026-03-16 14:09:14.481 [http-nio-8080-exec-7] INFO  c.itheima.controller.EmpController - 删除员工,参数:[62]
2026-03-16 14:09:14.481 [http-nio-8080-exec-7] DEBUG o.s.j.support.JdbcTransactionManager - Creating new transaction with name [com.itheima.service.impl.EmpServiceImpl.deleteEmp]: PROPAGATION_REQUIRED,ISOLATION_DEFAULT,-java.lang.Exception
2026-03-16 14:09:14.482 [http-nio-8080-exec-7] DEBUG o.s.j.support.JdbcTransactionManager - Acquired Connection [HikariProxyConnection@1392649183 wrapping com.mysql.cj.jdbc.ConnectionImpl@4c5d9b27] for JDBC transaction
2026-03-16 14:09:14.482 [http-nio-8080-exec-7] DEBUG o.s.j.support.JdbcTransactionManager - Switching JDBC Connection [HikariProxyConnection@1392649183 wrapping com.mysql.cj.jdbc.ConnectionImpl@4c5d9b27] to manual commit
2026-03-16 14:09:14.493 [http-nio-8080-exec-7] DEBUG o.s.j.support.JdbcTransactionManager - Initiating transaction commit
2026-03-16 14:09:14.493 [http-nio-8080-exec-7] DEBUG o.s.j.support.JdbcTransactionManager - Committing JDBC transaction on Connection [HikariProxyConnection@1392649183 wrapping com.mysql.cj.jdbc.ConnectionImpl@4c5d9b27]
2026-03-16 14:09:14.497 [http-nio-8080-exec-7] DEBUG o.s.j.support.JdbcTransactionManager - Releasing JDBC Connection [HikariProxyConnection@1392649183 wrapping com.mysql.cj.jdbc.ConnectionImpl@4c5d9b27] after transaction
2026-03-16 14:09:14.509 [http-nio-8080-exec-4] INFO  c.itheima.controller.EmpController - 分页查询,参数:EmpQueryParam(page=1, pageSize=10, name=, gender=null, begin=null, end=null)
2026-03-16 14:09:22.511 [http-nio-8080-exec-5] INFO  c.itheima.controller.EmpController - 删除员工,参数:[65, 66]
2026-03-16 14:09:22.511 [http-nio-8080-exec-5] DEBUG o.s.j.support.JdbcTransactionManager - Creating new transaction with name [com.itheima.service.impl.EmpServiceImpl.deleteEmp]: PROPAGATION_REQUIRED,ISOLATION_DEFAULT,-java.lang.Exception
2026-03-16 14:09:22.512 [http-nio-8080-exec-5] DEBUG o.s.j.support.JdbcTransactionManager - Acquired Connection [HikariProxyConnection@1064842810 wrapping com.mysql.cj.jdbc.ConnectionImpl@4c5d9b27] for JDBC transaction
2026-03-16 14:09:22.512 [http-nio-8080-exec-5] DEBUG o.s.j.support.JdbcTransactionManager - Switching JDBC Connection [HikariProxyConnection@1064842810 wrapping com.mysql.cj.jdbc.ConnectionImpl@4c5d9b27] to manual commit
2026-03-16 14:09:22.520 [http-nio-8080-exec-5] DEBUG o.s.j.support.JdbcTransactionManager - Initiating transaction commit
2026-03-16 14:09:22.520 [http-nio-8080-exec-5] DEBUG o.s.j.support.JdbcTransactionManager - Committing JDBC transaction on Connection [HikariProxyConnection@1064842810 wrapping com.mysql.cj.jdbc.ConnectionImpl@4c5d9b27]
2026-03-16 14:09:22.526 [http-nio-8080-exec-5] DEBUG o.s.j.support.JdbcTransactionManager - Releasing JDBC Connection [HikariProxyConnection@1064842810 wrapping com.mysql.cj.jdbc.ConnectionImpl@4c5d9b27] after transaction
2026-03-16 14:09:22.533 [http-nio-8080-exec-8] INFO  c.itheima.controller.EmpController - 分页查询,参数:EmpQueryParam(page=1, pageSize=10, name=, gender=null, begin=null, end=null)
2026-03-16 14:13:35.368 [SpringApplicationShutdownHook] INFO  o.s.boot.tomcat.GracefulShutdown - Commencing graceful shutdown. Waiting for active requests to complete
2026-03-16 14:13:35.376 [tomcat-shutdown] INFO  o.s.boot.tomcat.GracefulShutdown - Graceful shutdown complete
2026-03-16 14:13:35.380 [SpringApplicationShutdownHook] INFO  com.zaxxer.hikari.HikariDataSource - HikariPool-1 - Shutdown initiated...
2026-03-16 14:13:35.391 [SpringApplicationShutdownHook] INFO  com.zaxxer.hikari.HikariDataSource - HikariPool-1 - Shutdown completed.
2026-03-16 14:13:41.610 [main] INFO  c.i.TliasWebManagementApplication - Starting TliasWebManagementApplication using Java 21.0.10 with PID 32624 (D:\SHEN\projects\java\web-project\springboot-web-02\tlias-web-management\target\classes started by SHEN in D:\SHEN\projects\java\web-project\springboot-web-02)
2026-03-16 14:13:41.616 [main] INFO  c.i.TliasWebManagementApplication - No active profile set, falling back to 1 default profile: "default"
2026-03-16 14:13:43.184 [main] INFO  o.s.boot.tomcat.TomcatWebServer - Tomcat initialized with port 8080 (http)
2026-03-16 14:13:43.206 [main] INFO  o.a.coyote.http11.Http11NioProtocol - Initializing ProtocolHandler ["http-nio-8080"]
2026-03-16 14:13:43.208 [main] INFO  o.a.catalina.core.StandardService - Starting service [Tomcat]
2026-03-16 14:13:43.209 [main] INFO  o.a.catalina.core.StandardEngine - Starting Servlet engine: [Apache Tomcat/11.0.18]
2026-03-16 14:13:43.306 [main] INFO  o.s.b.w.c.s.WebApplicationContextInitializer - Root WebApplicationContext: initialization completed in 1582 ms
2026-03-16 14:13:44.334 [main] INFO  o.a.coyote.http11.Http11NioProtocol - Starting ProtocolHandler ["http-nio-8080"]
2026-03-16 14:13:44.454 [main] INFO  o.s.boot.tomcat.TomcatWebServer - Tomcat started on port 8080 (http) with context path '/'
2026-03-16 14:13:44.463 [main] INFO  c.i.TliasWebManagementApplication - Started TliasWebManagementApplication in 3.638 seconds (process running for 5.616)
2026-03-16 14:15:29.726 [SpringApplicationShutdownHook] INFO  o.s.boot.tomcat.GracefulShutdown - Commencing graceful shutdown. Waiting for active requests to complete
2026-03-16 14:15:29.740 [tomcat-shutdown] INFO  o.s.boot.tomcat.GracefulShutdown - Graceful shutdown complete
2026-03-16 14:15:48.834 [main] INFO  c.i.TliasWebManagementApplication - Starting TliasWebManagementApplication using Java 21.0.10 with PID 42840 (D:\SHEN\projects\java\web-project\springboot-web-02\tlias-web-management\target\classes started by SHEN in D:\SHEN\projects\java\web-project\springboot-web-02)
2026-03-16 14:15:48.839 [main] INFO  c.i.TliasWebManagementApplication - No active profile set, falling back to 1 default profile: "default"
2026-03-16 14:15:50.320 [main] INFO  o.s.boot.tomcat.TomcatWebServer - Tomcat initialized with port 8080 (http)
2026-03-16 14:15:50.337 [main] INFO  o.a.coyote.http11.Http11NioProtocol - Initializing ProtocolHandler ["http-nio-8080"]
2026-03-16 14:15:50.339 [main] INFO  o.a.catalina.core.StandardService - Starting service [Tomcat]
2026-03-16 14:15:50.339 [main] INFO  o.a.catalina.core.StandardEngine - Starting Servlet engine: [Apache Tomcat/11.0.18]
2026-03-16 14:15:50.405 [main] INFO  o.s.b.w.c.s.WebApplicationContextInitializer - Root WebApplicationContext: initialization completed in 1505 ms
2026-03-16 14:15:51.280 [main] INFO  o.a.coyote.http11.Http11NioProtocol - Starting ProtocolHandler ["http-nio-8080"]
2026-03-16 14:15:51.304 [main] INFO  o.s.boot.tomcat.TomcatWebServer - Tomcat started on port 8080 (http) with context path '/'
2026-03-16 14:15:51.311 [main] INFO  c.i.TliasWebManagementApplication - Started TliasWebManagementApplication in 3.12 seconds (process running for 5.005)
2026-03-16 14:15:54.496 [http-nio-8080-exec-1] INFO  o.a.c.c.C.[Tomcat].[localhost].[/] - Initializing Spring DispatcherServlet 'dispatcherServlet'
2026-03-16 14:15:54.496 [http-nio-8080-exec-1] INFO  o.s.web.servlet.DispatcherServlet - Initializing Servlet 'dispatcherServlet'
2026-03-16 14:15:54.498 [http-nio-8080-exec-1] INFO  o.s.web.servlet.DispatcherServlet - Completed initialization in 2 ms
2026-03-16 14:15:54.573 [http-nio-8080-exec-1] INFO  c.itheima.controller.EmpController - 查询员工,参数:1
2026-03-16 14:18:36.772 [SpringApplicationShutdownHook] INFO  o.s.boot.tomcat.GracefulShutdown - Commencing graceful shutdown. Waiting for active requests to complete
2026-03-16 14:18:36.780 [tomcat-shutdown] INFO  o.s.boot.tomcat.GracefulShutdown - Graceful shutdown complete
2026-03-16 14:18:43.106 [main] INFO  c.i.TliasWebManagementApplication - Starting TliasWebManagementApplication using Java 21.0.10 with PID 33320 (D:\SHEN\projects\java\web-project\springboot-web-02\tlias-web-management\target\classes started by SHEN in D:\SHEN\projects\java\web-project\springboot-web-02)
2026-03-16 14:18:43.109 [main] DEBUG c.i.TliasWebManagementApplication - Running with Spring Boot v4.0.3, Spring v7.0.5
2026-03-16 14:18:43.111 [main] INFO  c.i.TliasWebManagementApplication - No active profile set, falling back to 1 default profile: "default"
2026-03-16 14:18:44.723 [main] INFO  o.s.boot.tomcat.TomcatWebServer - Tomcat initialized with port 8080 (http)
2026-03-16 14:18:44.740 [main] INFO  o.a.coyote.http11.Http11NioProtocol - Initializing ProtocolHandler ["http-nio-8080"]
2026-03-16 14:18:44.743 [main] INFO  o.a.catalina.core.StandardService - Starting service [Tomcat]
2026-03-16 14:18:44.743 [main] INFO  o.a.catalina.core.StandardEngine - Starting Servlet engine: [Apache Tomcat/11.0.18]
2026-03-16 14:18:44.820 [main] INFO  o.s.b.w.c.s.WebApplicationContextInitializer - Root WebApplicationContext: initialization completed in 1633 ms
2026-03-16 14:18:45.738 [main] INFO  o.a.coyote.http11.Http11NioProtocol - Starting ProtocolHandler ["http-nio-8080"]
2026-03-16 14:18:45.765 [main] INFO  o.s.boot.tomcat.TomcatWebServer - Tomcat started on port 8080 (http) with context path '/'
2026-03-16 14:18:45.772 [main] INFO  c.i.TliasWebManagementApplication - Started TliasWebManagementApplication in 3.477 seconds (process running for 5.352)
2026-03-16 14:18:50.499 [http-nio-8080-exec-2] INFO  o.a.c.c.C.[Tomcat].[localhost].[/] - Initializing Spring DispatcherServlet 'dispatcherServlet'
2026-03-16 14:18:50.500 [http-nio-8080-exec-2] INFO  o.s.web.servlet.DispatcherServlet - Initializing Servlet 'dispatcherServlet'
2026-03-16 14:18:50.503 [http-nio-8080-exec-2] INFO  o.s.web.servlet.DispatcherServlet - Completed initialization in 3 ms
2026-03-16 14:18:50.580 [http-nio-8080-exec-2] INFO  c.itheima.controller.EmpController - 查询员工,参数:1
2026-03-16 14:19:29.979 [SpringApplicationShutdownHook] INFO  o.s.boot.tomcat.GracefulShutdown - Commencing graceful shutdown. Waiting for active requests to complete
2026-03-16 14:19:29.986 [tomcat-shutdown] INFO  o.s.boot.tomcat.GracefulShutdown - Graceful shutdown complete
2026-03-16 14:19:33.762 [main] INFO  c.i.TliasWebManagementApplication - Starting TliasWebManagementApplication using Java 21.0.10 with PID 25028 (D:\SHEN\projects\java\web-project\springboot-web-02\tlias-web-management\target\classes started by SHEN in D:\SHEN\projects\java\web-project\springboot-web-02)
2026-03-16 14:19:33.766 [main] INFO  c.i.TliasWebManagementApplication - No active profile set, falling back to 1 default profile: "default"
2026-03-16 14:19:35.183 [main] INFO  o.s.boot.tomcat.TomcatWebServer - Tomcat initialized with port 8080 (http)
2026-03-16 14:19:35.201 [main] INFO  o.a.coyote.http11.Http11NioProtocol - Initializing ProtocolHandler ["http-nio-8080"]
2026-03-16 14:19:35.203 [main] INFO  o.a.catalina.core.StandardService - Starting service [Tomcat]
2026-03-16 14:19:35.204 [main] INFO  o.a.catalina.core.StandardEngine - Starting Servlet engine: [Apache Tomcat/11.0.18]
2026-03-16 14:19:35.277 [main] INFO  o.s.b.w.c.s.WebApplicationContextInitializer - Root WebApplicationContext: initialization completed in 1439 ms
2026-03-16 14:19:36.092 [main] INFO  o.a.coyote.http11.Http11NioProtocol - Starting ProtocolHandler ["http-nio-8080"]
2026-03-16 14:19:36.123 [main] INFO  o.s.boot.tomcat.TomcatWebServer - Tomcat started on port 8080 (http) with context path '/'
2026-03-16 14:19:36.130 [main] INFO  c.i.TliasWebManagementApplication - Started TliasWebManagementApplication in 3.156 seconds (process running for 4.895)
2026-03-16 14:19:39.581 [http-nio-8080-exec-2] INFO  o.a.c.c.C.[Tomcat].[localhost].[/] - Initializing Spring DispatcherServlet 'dispatcherServlet'
2026-03-16 14:19:39.582 [http-nio-8080-exec-2] INFO  o.s.web.servlet.DispatcherServlet - Initializing Servlet 'dispatcherServlet'
2026-03-16 14:19:39.589 [http-nio-8080-exec-2] INFO  o.s.web.servlet.DispatcherServlet - Completed initialization in 7 ms
2026-03-16 14:19:39.692 [http-nio-8080-exec-2] INFO  c.itheima.controller.EmpController - 查询员工,参数:1
2026-03-16 14:23:19.863 [SpringApplicationShutdownHook] INFO  o.s.boot.tomcat.GracefulShutdown - Commencing graceful shutdown. Waiting for active requests to complete
2026-03-16 14:23:19.873 [tomcat-shutdown] INFO  o.s.boot.tomcat.GracefulShutdown - Graceful shutdown complete
2026-03-16 14:23:26.445 [main] INFO  c.i.TliasWebManagementApplication - Starting TliasWebManagementApplication using Java 21.0.10 with PID 41416 (D:\SHEN\projects\java\web-project\springboot-web-02\tlias-web-management\target\classes started by SHEN in D:\SHEN\projects\java\web-project\springboot-web-02)
2026-03-16 14:23:26.448 [main] INFO  c.i.TliasWebManagementApplication - No active profile set, falling back to 1 default profile: "default"
2026-03-16 14:23:27.948 [main] INFO  o.s.boot.tomcat.TomcatWebServer - Tomcat initialized with port 8080 (http)
2026-03-16 14:23:27.964 [main] INFO  o.a.coyote.http11.Http11NioProtocol - Initializing ProtocolHandler ["http-nio-8080"]
2026-03-16 14:23:27.966 [main] INFO  o.a.catalina.core.StandardService - Starting service [Tomcat]
2026-03-16 14:23:27.967 [main] INFO  o.a.catalina.core.StandardEngine - Starting Servlet engine: [Apache Tomcat/11.0.18]
2026-03-16 14:23:28.032 [main] INFO  o.s.b.w.c.s.WebApplicationContextInitializer - Root WebApplicationContext: initialization completed in 1521 ms
2026-03-16 14:23:28.859 [main] INFO  o.a.coyote.http11.Http11NioProtocol - Starting ProtocolHandler ["http-nio-8080"]
2026-03-16 14:23:28.889 [main] INFO  o.s.boot.tomcat.TomcatWebServer - Tomcat started on port 8080 (http) with context path '/'
2026-03-16 14:23:28.897 [main] INFO  c.i.TliasWebManagementApplication - Started TliasWebManagementApplication in 3.177 seconds (process running for 4.794)
2026-03-16 14:23:39.370 [SpringApplicationShutdownHook] INFO  o.s.boot.tomcat.GracefulShutdown - Commencing graceful shutdown. Waiting for active requests to complete
2026-03-16 14:23:39.382 [tomcat-shutdown] INFO  o.s.boot.tomcat.GracefulShutdown - Graceful shutdown complete
2026-03-16 14:23:46.593 [main] INFO  c.i.TliasWebManagementApplication - Starting TliasWebManagementApplication using Java 21.0.10 with PID 42412 (D:\SHEN\projects\java\web-project\springboot-web-02\tlias-web-management\target\classes started by SHEN in D:\SHEN\projects\java\web-project\springboot-web-02)
2026-03-16 14:23:46.598 [main] INFO  c.i.TliasWebManagementApplication - No active profile set, falling back to 1 default profile: "default"
2026-03-16 14:23:49.965 [main] INFO  o.s.boot.tomcat.TomcatWebServer - Tomcat initialized with port 8080 (http)
2026-03-16 14:23:50.005 [main] INFO  o.a.coyote.http11.Http11NioProtocol - Initializing ProtocolHandler ["http-nio-8080"]
2026-03-16 14:23:50.010 [main] INFO  o.a.catalina.core.StandardService - Starting service [Tomcat]
2026-03-16 14:23:50.011 [main] INFO  o.a.catalina.core.StandardEngine - Starting Servlet engine: [Apache Tomcat/11.0.18]
2026-03-16 14:23:50.152 [main] INFO  o.s.b.w.c.s.WebApplicationContextInitializer - Root WebApplicationContext: initialization completed in 3446 ms
2026-03-16 14:23:51.335 [main] INFO  o.a.coyote.http11.Http11NioProtocol - Starting ProtocolHandler ["http-nio-8080"]
2026-03-16 14:23:51.367 [main] INFO  o.s.boot.tomcat.TomcatWebServer - Tomcat started on port 8080 (http) with context path '/'
2026-03-16 14:23:51.375 [main] INFO  c.i.TliasWebManagementApplication - Started TliasWebManagementApplication in 5.731 seconds (process running for 7.877)
2026-03-16 14:24:35.598 [http-nio-8080-exec-1] INFO  o.a.c.c.C.[Tomcat].[localhost].[/] - Initializing Spring DispatcherServlet 'dispatcherServlet'
2026-03-16 14:24:35.598 [http-nio-8080-exec-1] INFO  o.s.web.servlet.DispatcherServlet - Initializing Servlet 'dispatcherServlet'
2026-03-16 14:24:35.601 [http-nio-8080-exec-1] INFO  o.s.web.servlet.DispatcherServlet - Completed initialization in 3 ms
2026-03-16 14:24:35.693 [http-nio-8080-exec-1] INFO  c.itheima.controller.EmpController - 查询员工,参数:1
2026-03-16 14:24:35.749 [http-nio-8080-exec-1] INFO  com.zaxxer.hikari.HikariDataSource - HikariPool-1 - Starting...
2026-03-16 14:24:36.787 [http-nio-8080-exec-1] INFO  com.zaxxer.hikari.pool.HikariPool - HikariPool-1 - Added connection com.mysql.cj.jdbc.ConnectionImpl@2b216be7
2026-03-16 14:24:36.793 [http-nio-8080-exec-1] INFO  com.zaxxer.hikari.HikariDataSource - HikariPool-1 - Start completed.
2026-03-16 14:36:40.586 [SpringApplicationShutdownHook] INFO  o.s.boot.tomcat.GracefulShutdown - Commencing graceful shutdown. Waiting for active requests to complete
2026-03-16 14:36:40.595 [tomcat-shutdown] INFO  o.s.boot.tomcat.GracefulShutdown - Graceful shutdown complete
2026-03-16 14:36:40.602 [SpringApplicationShutdownHook] INFO  com.zaxxer.hikari.HikariDataSource - HikariPool-1 - Shutdown initiated...
2026-03-16 14:36:40.621 [SpringApplicationShutdownHook] INFO  com.zaxxer.hikari.HikariDataSource - HikariPool-1 - Shutdown completed.
2026-03-16 14:36:49.496 [main] INFO  c.i.TliasWebManagementApplication - Starting TliasWebManagementApplication using Java 21.0.10 with PID 46724 (D:\SHEN\projects\java\web-project\springboot-web-02\tlias-web-management\target\classes started by SHEN in D:\SHEN\projects\java\web-project\springboot-web-02)
2026-03-16 14:36:49.500 [main] INFO  c.i.TliasWebManagementApplication - No active profile set, falling back to 1 default profile: "default"
2026-03-16 14:36:51.538 [main] INFO  o.s.boot.tomcat.TomcatWebServer - Tomcat initialized with port 8080 (http)
2026-03-16 14:36:51.562 [main] INFO  o.a.coyote.http11.Http11NioProtocol - Initializing ProtocolHandler ["http-nio-8080"]
2026-03-16 14:36:51.564 [main] INFO  o.a.catalina.core.StandardService - Starting service [Tomcat]
2026-03-16 14:36:51.565 [main] INFO  o.a.catalina.core.StandardEngine - Starting Servlet engine: [Apache Tomcat/11.0.18]
2026-03-16 14:36:51.665 [main] INFO  o.s.b.w.c.s.WebApplicationContextInitializer - Root WebApplicationContext: initialization completed in 2085 ms
2026-03-16 14:36:52.802 [main] INFO  o.a.coyote.http11.Http11NioProtocol - Starting ProtocolHandler ["http-nio-8080"]
2026-03-16 14:36:52.834 [main] INFO  o.s.boot.tomcat.TomcatWebServer - Tomcat started on port 8080 (http) with context path '/'
2026-03-16 14:36:52.844 [main] INFO  c.i.TliasWebManagementApplication - Started TliasWebManagementApplication in 4.172 seconds (process running for 6.797)
2026-03-16 14:43:36.157 [SpringApplicationShutdownHook] INFO  o.s.boot.tomcat.GracefulShutdown - Commencing graceful shutdown. Waiting for active requests to complete
2026-03-16 14:43:36.171 [tomcat-shutdown] INFO  o.s.boot.tomcat.GracefulShutdown - Graceful shutdown complete
2026-03-16 14:43:40.887 [main] INFO  c.i.TliasWebManagementApplication - Starting TliasWebManagementApplication using Java 21.0.10 with PID 48956 (D:\SHEN\projects\java\web-project\springboot-web-02\tlias-web-management\target\classes started by SHEN in D:\SHEN\projects\java\web-project\springboot-web-02)
2026-03-16 14:43:40.892 [main] INFO  c.i.TliasWebManagementApplication - No active profile set, falling back to 1 default profile: "default"
2026-03-16 14:43:42.779 [main] INFO  o.s.boot.tomcat.TomcatWebServer - Tomcat initialized with port 8080 (http)
2026-03-16 14:43:42.807 [main] INFO  o.a.coyote.http11.Http11NioProtocol - Initializing ProtocolHandler ["http-nio-8080"]
2026-03-16 14:43:42.809 [main] INFO  o.a.catalina.core.StandardService - Starting service [Tomcat]
2026-03-16 14:43:42.810 [main] INFO  o.a.catalina.core.StandardEngine - Starting Servlet engine: [Apache Tomcat/11.0.18]
2026-03-16 14:43:42.905 [main] INFO  o.s.b.w.c.s.WebApplicationContextInitializer - Root WebApplicationContext: initialization completed in 1935 ms
2026-03-16 14:43:44.312 [main] INFO  o.a.coyote.http11.Http11NioProtocol - Starting ProtocolHandler ["http-nio-8080"]
2026-03-16 14:43:44.385 [main] INFO  o.s.boot.tomcat.TomcatWebServer - Tomcat started on port 8080 (http) with context path '/'
2026-03-16 14:43:44.399 [main] INFO  c.i.TliasWebManagementApplication - Started TliasWebManagementApplication in 4.206 seconds (process running for 6.494)
2026-03-16 14:43:59.552 [http-nio-8080-exec-1] INFO  o.a.c.c.C.[Tomcat].[localhost].[/] - Initializing Spring DispatcherServlet 'dispatcherServlet'
2026-03-16 14:43:59.554 [http-nio-8080-exec-1] INFO  o.s.web.servlet.DispatcherServlet - Initializing Servlet 'dispatcherServlet'
2026-03-16 14:43:59.557 [http-nio-8080-exec-1] INFO  o.s.web.servlet.DispatcherServlet - Completed initialization in 2 ms
2026-03-16 14:43:59.684 [http-nio-8080-exec-1] INFO  c.itheima.controller.EmpController - 查询员工,参数:1
2026-03-16 14:43:59.757 [http-nio-8080-exec-1] INFO  com.zaxxer.hikari.HikariDataSource - HikariPool-1 - Starting...
2026-03-16 14:44:00.707 [http-nio-8080-exec-1] INFO  com.zaxxer.hikari.pool.HikariPool - HikariPool-1 - Added connection com.mysql.cj.jdbc.ConnectionImpl@3bdf72b5
2026-03-16 14:44:00.712 [http-nio-8080-exec-1] INFO  com.zaxxer.hikari.HikariDataSource - HikariPool-1 - Start completed.
2026-03-16 14:45:12.867 [SpringApplicationShutdownHook] INFO  o.s.boot.tomcat.GracefulShutdown - Commencing graceful shutdown. Waiting for active requests to complete
2026-03-16 14:45:12.877 [tomcat-shutdown] INFO  o.s.boot.tomcat.GracefulShutdown - Graceful shutdown complete
2026-03-16 14:45:12.882 [SpringApplicationShutdownHook] INFO  com.zaxxer.hikari.HikariDataSource - HikariPool-1 - Shutdown initiated...
2026-03-16 14:45:12.891 [SpringApplicationShutdownHook] INFO  com.zaxxer.hikari.HikariDataSource - HikariPool-1 - Shutdown completed.
2026-03-16 14:45:19.570 [main] INFO  c.i.TliasWebManagementApplication - Starting TliasWebManagementApplication using Java 21.0.10 with PID 48020 (D:\SHEN\projects\java\web-project\springboot-web-02\tlias-web-management\target\classes started by SHEN in D:\SHEN\projects\java\web-project\springboot-web-02)
2026-03-16 14:45:19.575 [main] INFO  c.i.TliasWebManagementApplication - No active profile set, falling back to 1 default profile: "default"
2026-03-16 14:45:21.683 [main] INFO  o.s.boot.tomcat.TomcatWebServer - Tomcat initialized with port 8080 (http)
2026-03-16 14:45:21.715 [main] INFO  o.a.coyote.http11.Http11NioProtocol - Initializing ProtocolHandler ["http-nio-8080"]
2026-03-16 14:45:21.719 [main] INFO  o.a.catalina.core.StandardService - Starting service [Tomcat]
2026-03-16 14:45:21.719 [main] INFO  o.a.catalina.core.StandardEngine - Starting Servlet engine: [Apache Tomcat/11.0.18]
2026-03-16 14:45:21.840 [main] INFO  o.s.b.w.c.s.WebApplicationContextInitializer - Root WebApplicationContext: initialization completed in 2180 ms
2026-03-16 14:45:23.187 [main] INFO  o.a.coyote.http11.Http11NioProtocol - Starting ProtocolHandler ["http-nio-8080"]
2026-03-16 14:45:23.220 [main] INFO  o.s.boot.tomcat.TomcatWebServer - Tomcat started on port 8080 (http) with context path '/'
2026-03-16 14:45:23.228 [main] INFO  c.i.TliasWebManagementApplication - Started TliasWebManagementApplication in 4.325 seconds (process running for 6.001)
2026-03-16 14:45:52.952 [SpringApplicationShutdownHook] INFO  o.s.boot.tomcat.GracefulShutdown - Commencing graceful shutdown. Waiting for active requests to complete
2026-03-16 14:45:52.963 [tomcat-shutdown] INFO  o.s.boot.tomcat.GracefulShutdown - Graceful shutdown complete
2026-03-16 14:45:56.808 [main] INFO  c.i.TliasWebManagementApplication - Starting TliasWebManagementApplication using Java 21.0.10 with PID 25240 (D:\SHEN\projects\java\web-project\springboot-web-02\tlias-web-management\target\classes started by SHEN in D:\SHEN\projects\java\web-project\springboot-web-02)
2026-03-16 14:45:56.814 [main] INFO  c.i.TliasWebManagementApplication - No active profile set, falling back to 1 default profile: "default"
2026-03-16 14:45:58.338 [main] INFO  o.s.boot.tomcat.TomcatWebServer - Tomcat initialized with port 8080 (http)
2026-03-16 14:45:58.357 [main] INFO  o.a.coyote.http11.Http11NioProtocol - Initializing ProtocolHandler ["http-nio-8080"]
2026-03-16 14:45:58.359 [main] INFO  o.a.catalina.core.StandardService - Starting service [Tomcat]
2026-03-16 14:45:58.359 [main] INFO  o.a.catalina.core.StandardEngine - Starting Servlet engine: [Apache Tomcat/11.0.18]
2026-03-16 14:45:58.440 [main] INFO  o.s.b.w.c.s.WebApplicationContextInitializer - Root WebApplicationContext: initialization completed in 1543 ms
2026-03-16 14:45:59.406 [main] INFO  o.a.coyote.http11.Http11NioProtocol - Starting ProtocolHandler ["http-nio-8080"]
2026-03-16 14:45:59.436 [main] INFO  o.s.boot.tomcat.TomcatWebServer - Tomcat started on port 8080 (http) with context path '/'
2026-03-16 14:45:59.445 [main] INFO  c.i.TliasWebManagementApplication - Started TliasWebManagementApplication in 3.37 seconds (process running for 5.468)
2026-03-16 14:46:06.559 [http-nio-8080-exec-1] INFO  o.a.c.c.C.[Tomcat].[localhost].[/] - Initializing Spring DispatcherServlet 'dispatcherServlet'
2026-03-16 14:46:06.561 [http-nio-8080-exec-1] INFO  o.s.web.servlet.DispatcherServlet - Initializing Servlet 'dispatcherServlet'
2026-03-16 14:46:06.562 [http-nio-8080-exec-1] INFO  o.s.web.servlet.DispatcherServlet - Completed initialization in 1 ms
2026-03-16 14:46:06.654 [http-nio-8080-exec-1] INFO  c.itheima.controller.EmpController - 查询员工,参数:1
2026-03-16 14:46:06.715 [http-nio-8080-exec-1] INFO  com.zaxxer.hikari.HikariDataSource - HikariPool-1 - Starting...
2026-03-16 14:46:07.436 [http-nio-8080-exec-1] INFO  com.zaxxer.hikari.pool.HikariPool - HikariPool-1 - Added connection com.mysql.cj.jdbc.ConnectionImpl@54020d7b
2026-03-16 14:46:07.439 [http-nio-8080-exec-1] INFO  com.zaxxer.hikari.HikariDataSource - HikariPool-1 - Start completed.
2026-03-16 14:46:58.107 [SpringApplicationShutdownHook] INFO  o.s.boot.tomcat.GracefulShutdown - Commencing graceful shutdown. Waiting for active requests to complete
2026-03-16 14:46:58.112 [tomcat-shutdown] INFO  o.s.boot.tomcat.GracefulShutdown - Graceful shutdown complete
2026-03-16 14:46:58.117 [SpringApplicationShutdownHook] INFO  com.zaxxer.hikari.HikariDataSource - HikariPool-1 - Shutdown initiated...
2026-03-16 14:46:58.125 [SpringApplicationShutdownHook] INFO  com.zaxxer.hikari.HikariDataSource - HikariPool-1 - Shutdown completed.
2026-03-16 14:47:01.880 [main] INFO  c.i.TliasWebManagementApplication - Starting TliasWebManagementApplication using Java 21.0.10 with PID 38436 (D:\SHEN\projects\java\web-project\springboot-web-02\tlias-web-management\target\classes started by SHEN in D:\SHEN\projects\java\web-project\springboot-web-02)
2026-03-16 14:47:01.885 [main] INFO  c.i.TliasWebManagementApplication - No active profile set, falling back to 1 default profile: "default"
2026-03-16 14:47:03.153 [main] INFO  o.s.boot.tomcat.TomcatWebServer - Tomcat initialized with port 8080 (http)
2026-03-16 14:47:03.170 [main] INFO  o.a.coyote.http11.Http11NioProtocol - Initializing ProtocolHandler ["http-nio-8080"]
2026-03-16 14:47:03.173 [main] INFO  o.a.catalina.core.StandardService - Starting service [Tomcat]
2026-03-16 14:47:03.173 [main] INFO  o.a.catalina.core.StandardEngine - Starting Servlet engine: [Apache Tomcat/11.0.18]
2026-03-16 14:47:03.257 [main] INFO  o.s.b.w.c.s.WebApplicationContextInitializer - Root WebApplicationContext: initialization completed in 1311 ms
2026-03-16 14:47:04.141 [main] INFO  o.a.coyote.http11.Http11NioProtocol - Starting ProtocolHandler ["http-nio-8080"]
2026-03-16 14:47:04.168 [main] INFO  o.s.boot.tomcat.TomcatWebServer - Tomcat started on port 8080 (http) with context path '/'
2026-03-16 14:47:04.177 [main] INFO  c.i.TliasWebManagementApplication - Started TliasWebManagementApplication in 2.961 seconds (process running for 4.895)
2026-03-16 14:47:06.939 [http-nio-8080-exec-1] INFO  o.a.c.c.C.[Tomcat].[localhost].[/] - Initializing Spring DispatcherServlet 'dispatcherServlet'
2026-03-16 14:47:06.943 [http-nio-8080-exec-1] INFO  o.s.web.servlet.DispatcherServlet - Initializing Servlet 'dispatcherServlet'
2026-03-16 14:47:06.947 [http-nio-8080-exec-1] INFO  o.s.web.servlet.DispatcherServlet - Completed initialization in 4 ms
2026-03-16 14:47:07.066 [http-nio-8080-exec-1] INFO  c.itheima.controller.EmpController - 查询员工,参数:1
2026-03-16 14:47:18.114 [http-nio-8080-exec-1] INFO  com.zaxxer.hikari.HikariDataSource - HikariPool-1 - Starting...
2026-03-16 14:47:18.616 [http-nio-8080-exec-1] INFO  com.zaxxer.hikari.pool.HikariPool - HikariPool-1 - Added connection com.mysql.cj.jdbc.ConnectionImpl@9d35e89
2026-03-16 14:47:18.620 [http-nio-8080-exec-1] INFO  com.zaxxer.hikari.HikariDataSource - HikariPool-1 - Start completed.
2026-03-16 14:47:53.556 [http-nio-8080-exec-3] INFO  c.itheima.controller.EmpController - 查询员工,参数:67
2026-03-16 14:48:23.542 [HikariPool-1:housekeeper] WARN  com.zaxxer.hikari.pool.HikariPool - HikariPool-1 - Thread starvation or clock leap detected (housekeeper delta=1m4s809ms534µs100ns).
