2026-03-24 13:23:02.456 [main] INFO  c.i.TliasWebManagementApplication - Starting TliasWebManagementApplication using Java 21.0.10 with PID 30072 (D:\SHEN\projects\java\web-project\springboot-web-02\tlias-web-management\target\classes started by SHEN in D:\SHEN\projects\java\web-project\springboot-web-02)
2026-03-24 13:23:02.471 [main] INFO  c.i.TliasWebManagementApplication - No active profile set, falling back to 1 default profile: "default"
2026-03-24 13:23:05.118 [main] INFO  o.s.boot.tomcat.TomcatWebServer - Tomcat initialized with port 8080 (http)
2026-03-24 13:23:05.187 [main] INFO  o.a.coyote.http11.Http11NioProtocol - Initializing ProtocolHandler ["http-nio-8080"]
2026-03-24 13:23:05.194 [main] INFO  o.a.catalina.core.StandardService - Starting service [Tomcat]
2026-03-24 13:23:05.199 [main] INFO  o.a.catalina.core.StandardEngine - Starting Servlet engine: [Apache Tomcat/11.0.18]
2026-03-24 13:23:05.407 [main] INFO  o.s.b.w.c.s.WebApplicationContextInitializer - Root WebApplicationContext: initialization completed in 2792 ms
2026-03-24 13:23:07.640 [main] INFO  o.a.coyote.http11.Http11NioProtocol - Starting ProtocolHandler ["http-nio-8080"]
2026-03-24 13:23:07.688 [main] INFO  o.s.boot.tomcat.TomcatWebServer - Tomcat started on port 8080 (http) with context path '/'
2026-03-24 13:23:07.701 [main] INFO  c.i.TliasWebManagementApplication - Started TliasWebManagementApplication in 6.447 seconds (process running for 13.645)
2026-03-24 13:29:34.103 [SpringApplicationShutdownHook] INFO  o.s.boot.tomcat.GracefulShutdown - Commencing graceful shutdown. Waiting for active requests to complete
2026-03-24 13:29:34.113 [tomcat-shutdown] INFO  o.s.boot.tomcat.GracefulShutdown - Graceful shutdown complete
2026-03-24 13:34:03.833 [main] INFO  c.i.TliasWebManagementApplication - Starting TliasWebManagementApplication using Java 21.0.10 with PID 26636 (D:\SHEN\projects\java\web-project\springboot-web-02\tlias-web-management\target\classes started by SHEN in D:\SHEN\projects\java\web-project\springboot-web-02)
2026-03-24 13:34:03.837 [main] INFO  c.i.TliasWebManagementApplication - No active profile set, falling back to 1 default profile: "default"
2026-03-24 13:34:05.476 [main] INFO  o.s.boot.tomcat.TomcatWebServer - Tomcat initialized with port 8080 (http)
2026-03-24 13:34:05.494 [main] INFO  o.a.coyote.http11.Http11NioProtocol - Initializing ProtocolHandler ["http-nio-8080"]
2026-03-24 13:34:05.496 [main] INFO  o.a.catalina.core.StandardService - Starting service [Tomcat]
2026-03-24 13:34:05.496 [main] INFO  o.a.catalina.core.StandardEngine - Starting Servlet engine: [Apache Tomcat/11.0.18]
2026-03-24 13:34:05.562 [main] INFO  o.s.b.w.c.s.WebApplicationContextInitializer - Root WebApplicationContext: initialization completed in 1667 ms
2026-03-24 13:34:06.841 [main] INFO  o.a.coyote.http11.Http11NioProtocol - Starting ProtocolHandler ["http-nio-8080"]
2026-03-24 13:34:06.871 [main] INFO  o.s.boot.tomcat.TomcatWebServer - Tomcat started on port 8080 (http) with context path '/'
2026-03-24 13:34:06.878 [main] INFO  c.i.TliasWebManagementApplication - Started TliasWebManagementApplication in 3.674 seconds (process running for 5.436)
2026-03-24 13:34:12.717 [SpringApplicationShutdownHook] INFO  o.s.boot.tomcat.GracefulShutdown - Commencing graceful shutdown. Waiting for active requests to complete
2026-03-24 13:34:12.724 [tomcat-shutdown] INFO  o.s.boot.tomcat.GracefulShutdown - Graceful shutdown complete
2026-03-24 13:34:16.253 [main] INFO  c.i.TliasWebManagementApplication - Starting TliasWebManagementApplication using Java 21.0.10 with PID 32428 (D:\SHEN\projects\java\web-project\springboot-web-02\tlias-web-management\target\classes started by SHEN in D:\SHEN\projects\java\web-project\springboot-web-02)
2026-03-24 13:34:16.257 [main] INFO  c.i.TliasWebManagementApplication - No active profile set, falling back to 1 default profile: "default"
2026-03-24 13:34:17.976 [main] INFO  o.s.boot.tomcat.TomcatWebServer - Tomcat initialized with port 8080 (http)
2026-03-24 13:34:17.997 [main] INFO  o.a.coyote.http11.Http11NioProtocol - Initializing ProtocolHandler ["http-nio-8080"]
2026-03-24 13:34:18.000 [main] INFO  o.a.catalina.core.StandardService - Starting service [Tomcat]
2026-03-24 13:34:18.000 [main] INFO  o.a.catalina.core.StandardEngine - Starting Servlet engine: [Apache Tomcat/11.0.18]
2026-03-24 13:34:18.079 [main] INFO  o.s.b.w.c.s.WebApplicationContextInitializer - Root WebApplicationContext: initialization completed in 1754 ms
2026-03-24 13:34:19.287 [main] INFO  o.a.coyote.http11.Http11NioProtocol - Starting ProtocolHandler ["http-nio-8080"]
2026-03-24 13:34:19.309 [main] INFO  o.s.boot.tomcat.TomcatWebServer - Tomcat started on port 8080 (http) with context path '/'
2026-03-24 13:34:19.315 [main] INFO  c.i.TliasWebManagementApplication - Started TliasWebManagementApplication in 3.817 seconds (process running for 5.577)
2026-03-24 13:34:19.443 [http-nio-8080-exec-1] INFO  o.a.c.c.C.[Tomcat].[localhost].[/] - Initializing Spring DispatcherServlet 'dispatcherServlet'
2026-03-24 13:34:19.443 [http-nio-8080-exec-1] INFO  o.s.web.servlet.DispatcherServlet - Initializing Servlet 'dispatcherServlet'
2026-03-24 13:34:19.445 [http-nio-8080-exec-1] INFO  o.s.web.servlet.DispatcherServlet - Completed initialization in 1 ms
2026-03-24 13:34:19.467 [http-nio-8080-exec-1] INFO  c.i.interceptor.TokenInterceptor - 执行方法 doFilter
2026-03-24 13:35:08.248 [http-nio-8080-exec-2] INFO  c.itheima.controller.LoginController - 用户登录Emp(id=null, username=songjiang, password=123456, name=null, gender=null, phone=null, job=null, salary=null, image=null, entryDate=null, deptId=null, createTime=null, updateTime=null, deptName=null, exprList=null)
2026-03-24 13:35:08.293 [http-nio-8080-exec-2] INFO  com.zaxxer.hikari.HikariDataSource - HikariPool-1 - Starting...
2026-03-24 13:35:09.164 [http-nio-8080-exec-2] INFO  com.zaxxer.hikari.pool.HikariPool - HikariPool-1 - Added connection com.mysql.cj.jdbc.ConnectionImpl@6af1d1b3
2026-03-24 13:35:09.169 [http-nio-8080-exec-2] INFO  com.zaxxer.hikari.HikariDataSource - HikariPool-1 - Start completed.
2026-03-24 13:35:17.822 [http-nio-8080-exec-3] INFO  c.i.interceptor.TokenInterceptor - 执行方法 doFilter
2026-03-24 13:35:17.824 [http-nio-8080-exec-3] INFO  c.i.interceptor.TokenInterceptor - 令牌校验通过,放行
2026-03-24 13:35:17.965 [http-nio-8080-exec-3] ERROR c.i.exception.GlobalExceptionHandler - Expected one result (or null) to be returned by selectOne(), but found: 10
2026-03-24 13:35:56.471 [SpringApplicationShutdownHook] INFO  o.s.boot.tomcat.GracefulShutdown - Commencing graceful shutdown. Waiting for active requests to complete
2026-03-24 13:35:56.478 [tomcat-shutdown] INFO  o.s.boot.tomcat.GracefulShutdown - Graceful shutdown complete
2026-03-24 13:35:56.481 [SpringApplicationShutdownHook] INFO  com.zaxxer.hikari.HikariDataSource - HikariPool-1 - Shutdown initiated...
2026-03-24 13:35:56.491 [SpringApplicationShutdownHook] INFO  com.zaxxer.hikari.HikariDataSource - HikariPool-1 - Shutdown completed.
2026-03-24 13:36:00.233 [main] INFO  c.i.TliasWebManagementApplication - Starting TliasWebManagementApplication using Java 21.0.10 with PID 11468 (D:\SHEN\projects\java\web-project\springboot-web-02\tlias-web-management\target\classes started by SHEN in D:\SHEN\projects\java\web-project\springboot-web-02)
2026-03-24 13:36:00.244 [main] INFO  c.i.TliasWebManagementApplication - No active profile set, falling back to 1 default profile: "default"
2026-03-24 13:36:01.999 [main] INFO  o.s.boot.tomcat.TomcatWebServer - Tomcat initialized with port 8080 (http)
2026-03-24 13:36:02.016 [main] INFO  o.a.coyote.http11.Http11NioProtocol - Initializing ProtocolHandler ["http-nio-8080"]
2026-03-24 13:36:02.017 [main] INFO  o.a.catalina.core.StandardService - Starting service [Tomcat]
2026-03-24 13:36:02.018 [main] INFO  o.a.catalina.core.StandardEngine - Starting Servlet engine: [Apache Tomcat/11.0.18]
2026-03-24 13:36:02.079 [main] INFO  o.s.b.w.c.s.WebApplicationContextInitializer - Root WebApplicationContext: initialization completed in 1721 ms
2026-03-24 13:36:03.314 [main] INFO  o.a.coyote.http11.Http11NioProtocol - Starting ProtocolHandler ["http-nio-8080"]
2026-03-24 13:36:03.340 [main] INFO  o.s.boot.tomcat.TomcatWebServer - Tomcat started on port 8080 (http) with context path '/'
2026-03-24 13:36:03.346 [main] INFO  c.i.TliasWebManagementApplication - Started TliasWebManagementApplication in 3.978 seconds (process running for 5.88)
2026-03-24 13:36:11.513 [http-nio-8080-exec-1] INFO  o.a.c.c.C.[Tomcat].[localhost].[/] - Initializing Spring DispatcherServlet 'dispatcherServlet'
2026-03-24 13:36:11.513 [http-nio-8080-exec-1] INFO  o.s.web.servlet.DispatcherServlet - Initializing Servlet 'dispatcherServlet'
2026-03-24 13:36:11.515 [http-nio-8080-exec-1] INFO  o.s.web.servlet.DispatcherServlet - Completed initialization in 2 ms
2026-03-24 13:36:11.558 [http-nio-8080-exec-1] INFO  c.i.interceptor.TokenInterceptor - 执行方法 doFilter
2026-03-24 13:36:12.042 [http-nio-8080-exec-1] INFO  c.i.interceptor.TokenInterceptor - 令牌校验通过,放行
2026-03-24 13:44:09.703 [http-nio-8080-exec-2] INFO  c.i.interceptor.TokenInterceptor - 执行方法 doFilter
2026-03-24 13:44:09.707 [http-nio-8080-exec-2] INFO  c.i.interceptor.TokenInterceptor - 令牌校验通过,放行
2026-03-24 13:44:09.766 [SpringApplicationShutdownHook] INFO  o.s.boot.tomcat.GracefulShutdown - Commencing graceful shutdown. Waiting for active requests to complete
2026-03-24 13:44:09.809 [http-nio-8080-exec-2] INFO  com.zaxxer.hikari.HikariDataSource - HikariPool-1 - Starting...
2026-03-24 13:44:10.172 [http-nio-8080-exec-2] INFO  com.zaxxer.hikari.pool.HikariPool - HikariPool-1 - Added connection com.mysql.cj.jdbc.ConnectionImpl@3e3cebea
2026-03-24 13:44:10.174 [http-nio-8080-exec-2] INFO  com.zaxxer.hikari.HikariDataSource - HikariPool-1 - Start completed.
2026-03-24 13:44:10.264 [http-nio-8080-exec-2] ERROR c.i.exception.GlobalExceptionHandler - Expected one result (or null) to be returned by selectOne(), but found: 10
2026-03-24 13:44:10.265 [http-nio-8080-exec-1] ERROR c.i.exception.GlobalExceptionHandler - Expected one result (or null) to be returned by selectOne(), but found: 10
2026-03-24 13:44:10.355 [tomcat-shutdown] INFO  o.s.boot.tomcat.GracefulShutdown - Graceful shutdown complete
2026-03-24 13:44:10.359 [SpringApplicationShutdownHook] INFO  com.zaxxer.hikari.HikariDataSource - HikariPool-1 - Shutdown initiated...
2026-03-24 13:44:10.373 [SpringApplicationShutdownHook] INFO  com.zaxxer.hikari.HikariDataSource - HikariPool-1 - Shutdown completed.
2026-03-24 13:44:15.655 [main] INFO  c.i.TliasWebManagementApplication - Starting TliasWebManagementApplication using Java 21.0.10 with PID 32304 (D:\SHEN\projects\java\web-project\springboot-web-02\tlias-web-management\target\classes started by SHEN in D:\SHEN\projects\java\web-project\springboot-web-02)
2026-03-24 13:44:15.659 [main] INFO  c.i.TliasWebManagementApplication - No active profile set, falling back to 1 default profile: "default"
2026-03-24 13:44:17.080 [main] INFO  o.s.boot.tomcat.TomcatWebServer - Tomcat initialized with port 8080 (http)
2026-03-24 13:44:17.094 [main] INFO  o.a.coyote.http11.Http11NioProtocol - Initializing ProtocolHandler ["http-nio-8080"]
2026-03-24 13:44:17.096 [main] INFO  o.a.catalina.core.StandardService - Starting service [Tomcat]
2026-03-24 13:44:17.096 [main] INFO  o.a.catalina.core.StandardEngine - Starting Servlet engine: [Apache Tomcat/11.0.18]
2026-03-24 13:44:17.149 [main] INFO  o.s.b.w.c.s.WebApplicationContextInitializer - Root WebApplicationContext: initialization completed in 1418 ms
2026-03-24 13:44:18.221 [main] INFO  o.a.coyote.http11.Http11NioProtocol - Starting ProtocolHandler ["http-nio-8080"]
2026-03-24 13:44:18.245 [main] INFO  o.s.boot.tomcat.TomcatWebServer - Tomcat started on port 8080 (http) with context path '/'
2026-03-24 13:44:18.250 [main] INFO  c.i.TliasWebManagementApplication - Started TliasWebManagementApplication in 3.126 seconds (process running for 4.599)
2026-03-24 13:44:25.364 [http-nio-8080-exec-1] INFO  o.a.c.c.C.[Tomcat].[localhost].[/] - Initializing Spring DispatcherServlet 'dispatcherServlet'
2026-03-24 13:44:25.365 [http-nio-8080-exec-1] INFO  o.s.web.servlet.DispatcherServlet - Initializing Servlet 'dispatcherServlet'
2026-03-24 13:44:25.367 [http-nio-8080-exec-1] INFO  o.s.web.servlet.DispatcherServlet - Completed initialization in 2 ms
2026-03-24 13:44:25.415 [http-nio-8080-exec-1] INFO  c.i.interceptor.TokenInterceptor - 执行方法 doFilter
2026-03-24 13:44:25.864 [http-nio-8080-exec-1] INFO  c.i.interceptor.TokenInterceptor - 令牌校验通过,放行
2026-03-24 13:44:25.980 [http-nio-8080-exec-1] INFO  com.zaxxer.hikari.HikariDataSource - HikariPool-1 - Starting...
2026-03-24 13:44:26.440 [http-nio-8080-exec-1] INFO  com.zaxxer.hikari.pool.HikariPool - HikariPool-1 - Added connection com.mysql.cj.jdbc.ConnectionImpl@66b60414
2026-03-24 13:44:26.444 [http-nio-8080-exec-1] INFO  com.zaxxer.hikari.HikariDataSource - HikariPool-1 - Start completed.
2026-03-24 13:44:56.163 [http-nio-8080-exec-2] INFO  c.i.interceptor.TokenInterceptor - 执行方法 doFilter
2026-03-24 13:44:56.164 [http-nio-8080-exec-2] INFO  c.i.interceptor.TokenInterceptor - 令牌校验通过,放行
2026-03-24 13:45:05.230 [http-nio-8080-exec-3] INFO  c.itheima.controller.LoginController - 用户登录Emp(id=null, username=songjiang, password=123456, name=null, gender=null, phone=null, job=null, salary=null, image=null, entryDate=null, deptId=null, createTime=null, updateTime=null, deptName=null, exprList=null)
2026-03-24 13:45:10.366 [http-nio-8080-exec-5] INFO  c.i.interceptor.TokenInterceptor - 执行方法 doFilter
2026-03-24 13:45:10.367 [http-nio-8080-exec-4] INFO  c.i.interceptor.TokenInterceptor - 执行方法 doFilter
2026-03-24 13:45:10.367 [http-nio-8080-exec-5] INFO  c.i.interceptor.TokenInterceptor - 令牌校验通过,放行
2026-03-24 13:45:10.368 [http-nio-8080-exec-4] INFO  c.i.interceptor.TokenInterceptor - 令牌校验通过,放行
2026-03-24 13:45:10.371 [http-nio-8080-exec-5] INFO  c.itheima.controller.EmpController - 查询所有员工
2026-03-24 13:45:10.399 [http-nio-8080-exec-4] DEBUG o.s.j.support.JdbcTransactionManager - Creating new transaction with name [com.itheima.service.impl.ClazzsServiceImpl.findAllClazzs]: PROPAGATION_REQUIRED,ISOLATION_DEFAULT,-java.lang.Exception
2026-03-24 13:45:10.400 [http-nio-8080-exec-4] DEBUG o.s.j.support.JdbcTransactionManager - Acquired Connection [HikariProxyConnection@1837897898 wrapping com.mysql.cj.jdbc.ConnectionImpl@66b60414] for JDBC transaction
2026-03-24 13:45:10.404 [http-nio-8080-exec-4] DEBUG o.s.j.support.JdbcTransactionManager - Switching JDBC Connection [HikariProxyConnection@1837897898 wrapping com.mysql.cj.jdbc.ConnectionImpl@66b60414] to manual commit
2026-03-24 13:45:10.532 [http-nio-8080-exec-4] DEBUG o.s.j.support.JdbcTransactionManager - Initiating transaction commit
2026-03-24 13:45:10.532 [http-nio-8080-exec-4] DEBUG o.s.j.support.JdbcTransactionManager - Committing JDBC transaction on Connection [HikariProxyConnection@1837897898 wrapping com.mysql.cj.jdbc.ConnectionImpl@66b60414]
2026-03-24 13:45:10.535 [http-nio-8080-exec-4] DEBUG o.s.j.support.JdbcTransactionManager - Releasing JDBC Connection [HikariProxyConnection@1837897898 wrapping com.mysql.cj.jdbc.ConnectionImpl@66b60414] after transaction
2026-03-24 13:45:10.537 [http-nio-8080-exec-4] INFO  c.i.controller.ClazzsController - PageResult(total=4, rows=Page{count=true, pageNum=1, pageSize=10, startRow=0, endRow=10, total=4, pages=1, reasonable=false, pageSizeZero=false}[Clazz(id=4, name=JavaEE就业166期, room=105, beginDate=2024-07-20, endDate=2024-02-20, masterId=20, subject=null, createTime=2024-06-01T17:46:10, updateTime=2024-06-01T17:46:10, masterName=阮小二, status=已毕业), Clazz(id=3, name=JavaEE就业165期, room=108, beginDate=2024-06-15, endDate=2024-12-25, masterId=6, subject=null, createTime=2024-06-01T17:45:40, updateTime=2024-06-01T17:45:40, masterName=扈三娘, status=已毕业), Clazz(id=2, name=前端就业90期, room=210, beginDate=2024-07-10, endDate=2024-01-20, masterId=3, subject=null, createTime=2024-06-01T17:45:12, updateTime=2024-06-01T17:45:12, masterName=卢俊义, status=已毕业), Clazz(id=1, name=JavaEE就业163期, room=212, beginDate=2024-04-30, endDate=2024-06-29, masterId=10, subject=null, createTime=2024-06-01T17:08:23, updateTime=2024-06-01T17:39:58, masterName=林冲, status=已毕业)])
2026-03-24 13:45:12.289 [http-nio-8080-exec-6] INFO  c.i.interceptor.TokenInterceptor - 执行方法 doFilter
2026-03-24 13:45:12.290 [http-nio-8080-exec-6] INFO  c.i.interceptor.TokenInterceptor - 令牌校验通过,放行
2026-03-24 13:45:12.294 [http-nio-8080-exec-6] INFO  c.i.controller.ClazzsController - 查询班级,参数:4
2026-03-24 13:45:14.518 [http-nio-8080-exec-7] INFO  c.i.interceptor.TokenInterceptor - 执行方法 doFilter
2026-03-24 13:45:14.521 [http-nio-8080-exec-7] INFO  c.i.interceptor.TokenInterceptor - 令牌校验通过,放行
2026-03-24 13:45:14.551 [http-nio-8080-exec-7] INFO  c.i.controller.ClazzsController - 修改班级:Clazz(id=4, name=JavaEE就业166期, room=205, beginDate=2024-07-20, endDate=2024-02-20, masterId=20, subject=1, createTime=2024-06-01T17:46:10, updateTime=2024-06-01T17:46:10, masterName=null, status=null)
2026-03-24 13:45:14.574 [http-nio-8080-exec-7] INFO  com.itheima.aop.OperationLogAspect - 操作日志 - 类名:com.itheima.controller.ClazzsController, 方法名:update, 参数:[Clazz(id=4, name=JavaEE就业166期, room=205, beginDate=2024-07-20, endDate=2024-02-20, masterId=20, subject=1, createTime=2024-06-01T17:46:10, updateTime=2024-06-01T17:46:10, masterName=null, status=null)], 返回值:Result(msg=操作成功, data=null, code=1), 耗时:23ms
2026-03-24 13:45:14.588 [http-nio-8080-exec-8] INFO  c.i.interceptor.TokenInterceptor - 执行方法 doFilter
2026-03-24 13:45:14.590 [http-nio-8080-exec-8] INFO  c.i.interceptor.TokenInterceptor - 令牌校验通过,放行
2026-03-24 13:45:14.592 [http-nio-8080-exec-8] DEBUG o.s.j.support.JdbcTransactionManager - Creating new transaction with name [com.itheima.service.impl.ClazzsServiceImpl.findAllClazzs]: PROPAGATION_REQUIRED,ISOLATION_DEFAULT,-java.lang.Exception
2026-03-24 13:45:14.592 [Thread-1] INFO  com.itheima.aop.OperationLogAspect - 操作日志保存成功：com.itheima.controller.ClazzsController.update - 耗时：23ms
2026-03-24 13:45:14.593 [http-nio-8080-exec-8] DEBUG o.s.j.support.JdbcTransactionManager - Acquired Connection [HikariProxyConnection@75629101 wrapping com.mysql.cj.jdbc.ConnectionImpl@41809cd9] for JDBC transaction
2026-03-24 13:45:14.593 [http-nio-8080-exec-8] DEBUG o.s.j.support.JdbcTransactionManager - Switching JDBC Connection [HikariProxyConnection@75629101 wrapping com.mysql.cj.jdbc.ConnectionImpl@41809cd9] to manual commit
2026-03-24 13:45:14.622 [http-nio-8080-exec-8] DEBUG o.s.j.support.JdbcTransactionManager - Initiating transaction commit
2026-03-24 13:45:14.623 [http-nio-8080-exec-8] DEBUG o.s.j.support.JdbcTransactionManager - Committing JDBC transaction on Connection [HikariProxyConnection@75629101 wrapping com.mysql.cj.jdbc.ConnectionImpl@41809cd9]
2026-03-24 13:45:14.626 [http-nio-8080-exec-8] DEBUG o.s.j.support.JdbcTransactionManager - Releasing JDBC Connection [HikariProxyConnection@75629101 wrapping com.mysql.cj.jdbc.ConnectionImpl@41809cd9] after transaction
2026-03-24 13:45:14.627 [http-nio-8080-exec-8] INFO  c.i.controller.ClazzsController - PageResult(total=4, rows=Page{count=true, pageNum=1, pageSize=10, startRow=0, endRow=10, total=4, pages=1, reasonable=false, pageSizeZero=false}[Clazz(id=4, name=JavaEE就业166期, room=205, beginDate=2024-07-20, endDate=2024-02-20, masterId=20, subject=null, createTime=2024-06-01T17:46:10, updateTime=2024-06-01T17:46:10, masterName=阮小二, status=已毕业), Clazz(id=3, name=JavaEE就业165期, room=108, beginDate=2024-06-15, endDate=2024-12-25, masterId=6, subject=null, createTime=2024-06-01T17:45:40, updateTime=2024-06-01T17:45:40, masterName=扈三娘, status=已毕业), Clazz(id=2, name=前端就业90期, room=210, beginDate=2024-07-10, endDate=2024-01-20, masterId=3, subject=null, createTime=2024-06-01T17:45:12, updateTime=2024-06-01T17:45:12, masterName=卢俊义, status=已毕业), Clazz(id=1, name=JavaEE就业163期, room=212, beginDate=2024-04-30, endDate=2024-06-29, masterId=10, subject=null, createTime=2024-06-01T17:08:23, updateTime=2024-06-01T17:39:58, masterName=林冲, status=已毕业)])
2026-03-24 13:45:16.370 [http-nio-8080-exec-9] INFO  c.i.interceptor.TokenInterceptor - 执行方法 doFilter
2026-03-24 13:45:16.371 [http-nio-8080-exec-10] INFO  c.i.interceptor.TokenInterceptor - 执行方法 doFilter
2026-03-24 13:45:16.372 [http-nio-8080-exec-9] INFO  c.i.interceptor.TokenInterceptor - 令牌校验通过,放行
2026-03-24 13:45:16.373 [http-nio-8080-exec-10] INFO  c.i.interceptor.TokenInterceptor - 令牌校验通过,放行
2026-03-24 13:45:17.833 [http-nio-8080-exec-1] INFO  c.i.interceptor.TokenInterceptor - 执行方法 doFilter
2026-03-24 13:45:17.833 [http-nio-8080-exec-1] INFO  c.i.interceptor.TokenInterceptor - 令牌校验通过,放行
2026-03-24 13:45:17.834 [http-nio-8080-exec-1] INFO  c.i.controller.StudentsController - id查询学生信息:28
2026-03-24 13:45:20.983 [http-nio-8080-exec-2] INFO  c.i.interceptor.TokenInterceptor - 执行方法 doFilter
2026-03-24 13:45:20.985 [http-nio-8080-exec-2] INFO  c.i.interceptor.TokenInterceptor - 令牌校验通过,放行
2026-03-24 13:45:20.996 [http-nio-8080-exec-2] INFO  c.i.controller.StudentsController - 修改学生信息 (PUT):Student(id=28, name=111, no=1111111111, gender=1, phone=15024845212, idCard=130406192220202020, isCollege=1, address=2, degree=1, graduationDate=2026-03-04, clazzId=2, violationCount=null, violationScore=null, createTime=null, updateTime=null, clazzName=null)
2026-03-24 13:45:21.009 [http-nio-8080-exec-2] INFO  com.itheima.aop.OperationLogAspect - 操作日志 - 类名:com.itheima.controller.StudentsController, 方法名:update, 参数:[Student(id=28, name=111, no=1111111111, gender=1, phone=15024845212, idCard=130406192220202020, isCollege=1, address=2, degree=1, graduationDate=2026-03-04, clazzId=2, violationCount=null, violationScore=null, createTime=null, updateTime=null, clazzName=null)], 返回值:Result(msg=操作成功, data=null, code=1), 耗时:15ms
2026-03-24 13:45:21.020 [Thread-2] INFO  com.itheima.aop.OperationLogAspect - 操作日志保存成功：com.itheima.controller.StudentsController.update - 耗时：15ms
2026-03-24 13:45:21.022 [http-nio-8080-exec-3] INFO  c.i.interceptor.TokenInterceptor - 执行方法 doFilter
2026-03-24 13:45:21.023 [http-nio-8080-exec-3] INFO  c.i.interceptor.TokenInterceptor - 令牌校验通过,放行
2026-03-24 13:45:22.898 [http-nio-8080-exec-5] INFO  c.i.interceptor.TokenInterceptor - 执行方法 doFilter
2026-03-24 13:45:22.900 [http-nio-8080-exec-5] INFO  c.i.interceptor.TokenInterceptor - 令牌校验通过,放行
2026-03-24 13:45:24.253 [http-nio-8080-exec-4] INFO  c.i.interceptor.TokenInterceptor - 执行方法 doFilter
2026-03-24 13:45:24.254 [http-nio-8080-exec-4] INFO  c.i.interceptor.TokenInterceptor - 令牌校验通过,放行
2026-03-24 13:45:30.416 [http-nio-8080-exec-6] INFO  c.i.interceptor.TokenInterceptor - 执行方法 doFilter
2026-03-24 13:45:30.416 [http-nio-8080-exec-6] INFO  c.i.interceptor.TokenInterceptor - 令牌校验通过,放行
2026-03-24 13:45:30.421 [http-nio-8080-exec-6] INFO  c.itheima.controller.DeptController - 修改部门:Dept(id=11, name=测试部2, createTime=2026-03-10T11:23:15, updateTime=2026-03-11T09:36:43)
2026-03-24 13:45:30.431 [http-nio-8080-exec-6] INFO  com.itheima.aop.OperationLogAspect - 操作日志 - 类名:com.itheima.controller.DeptController, 方法名:update, 参数:[Dept(id=11, name=测试部2, createTime=2026-03-10T11:23:15, updateTime=2026-03-11T09:36:43)], 返回值:Result(msg=操作成功, data=null, code=1), 耗时:11ms
2026-03-24 13:45:30.442 [Thread-3] INFO  com.itheima.aop.OperationLogAspect - 操作日志保存成功：com.itheima.controller.DeptController.update - 耗时：11ms
2026-03-24 13:45:30.451 [http-nio-8080-exec-7] INFO  c.i.interceptor.TokenInterceptor - 执行方法 doFilter
2026-03-24 13:45:30.452 [http-nio-8080-exec-7] INFO  c.i.interceptor.TokenInterceptor - 令牌校验通过,放行
2026-03-24 13:45:32.703 [http-nio-8080-exec-8] INFO  c.i.interceptor.TokenInterceptor - 执行方法 doFilter
2026-03-24 13:45:32.704 [http-nio-8080-exec-10] INFO  c.i.interceptor.TokenInterceptor - 执行方法 doFilter
2026-03-24 13:45:32.706 [http-nio-8080-exec-8] INFO  c.i.interceptor.TokenInterceptor - 令牌校验通过,放行
2026-03-24 13:45:32.707 [http-nio-8080-exec-10] INFO  c.i.interceptor.TokenInterceptor - 令牌校验通过,放行
2026-03-24 13:45:33.202 [http-nio-8080-exec-9] INFO  c.i.interceptor.TokenInterceptor - 执行方法 doFilter
2026-03-24 13:45:33.203 [http-nio-8080-exec-9] INFO  c.i.interceptor.TokenInterceptor - 令牌校验通过,放行
2026-03-24 13:45:33.208 [http-nio-8080-exec-1] INFO  c.i.interceptor.TokenInterceptor - 执行方法 doFilter
2026-03-24 13:45:33.209 [http-nio-8080-exec-1] INFO  c.i.interceptor.TokenInterceptor - 令牌校验通过,放行
2026-03-24 13:45:34.584 [http-nio-8080-exec-2] INFO  c.i.interceptor.TokenInterceptor - 执行方法 doFilter
2026-03-24 13:45:34.587 [http-nio-8080-exec-2] INFO  c.i.interceptor.TokenInterceptor - 令牌校验通过,放行
2026-03-24 13:49:31.028 [SpringApplicationShutdownHook] INFO  o.s.boot.tomcat.GracefulShutdown - Commencing graceful shutdown. Waiting for active requests to complete
2026-03-24 13:49:31.036 [tomcat-shutdown] INFO  o.s.boot.tomcat.GracefulShutdown - Graceful shutdown complete
2026-03-24 13:49:31.039 [SpringApplicationShutdownHook] INFO  com.zaxxer.hikari.HikariDataSource - HikariPool-1 - Shutdown initiated...
2026-03-24 13:49:31.047 [SpringApplicationShutdownHook] INFO  com.zaxxer.hikari.HikariDataSource - HikariPool-1 - Shutdown completed.
2026-03-24 13:49:34.322 [main] INFO  c.i.TliasWebManagementApplication - Starting TliasWebManagementApplication using Java 21.0.10 with PID 19508 (D:\SHEN\projects\java\web-project\springboot-web-02\tlias-web-management\target\classes started by SHEN in D:\SHEN\projects\java\web-project\springboot-web-02)
2026-03-24 13:49:34.326 [main] INFO  c.i.TliasWebManagementApplication - No active profile set, falling back to 1 default profile: "default"
2026-03-24 13:49:36.684 [main] INFO  o.s.boot.tomcat.TomcatWebServer - Tomcat initialized with port 8080 (http)
2026-03-24 13:49:36.702 [main] INFO  o.a.coyote.http11.Http11NioProtocol - Initializing ProtocolHandler ["http-nio-8080"]
2026-03-24 13:49:36.705 [main] INFO  o.a.catalina.core.StandardService - Starting service [Tomcat]
2026-03-24 13:49:36.705 [main] INFO  o.a.catalina.core.StandardEngine - Starting Servlet engine: [Apache Tomcat/11.0.18]
2026-03-24 13:49:36.775 [main] INFO  o.s.b.w.c.s.WebApplicationContextInitializer - Root WebApplicationContext: initialization completed in 2380 ms
2026-03-24 13:49:38.004 [main] INFO  o.a.coyote.http11.Http11NioProtocol - Starting ProtocolHandler ["http-nio-8080"]
2026-03-24 13:49:38.033 [main] INFO  o.s.boot.tomcat.TomcatWebServer - Tomcat started on port 8080 (http) with context path '/'
2026-03-24 13:49:38.039 [main] INFO  c.i.TliasWebManagementApplication - Started TliasWebManagementApplication in 4.391 seconds (process running for 5.925)
2026-03-24 13:49:57.731 [http-nio-8080-exec-1] INFO  o.a.c.c.C.[Tomcat].[localhost].[/] - Initializing Spring DispatcherServlet 'dispatcherServlet'
2026-03-24 13:49:57.731 [http-nio-8080-exec-1] INFO  o.s.web.servlet.DispatcherServlet - Initializing Servlet 'dispatcherServlet'
2026-03-24 13:49:57.733 [http-nio-8080-exec-1] INFO  o.s.web.servlet.DispatcherServlet - Completed initialization in 1 ms
2026-03-24 13:49:57.779 [http-nio-8080-exec-1] INFO  c.i.interceptor.TokenInterceptor - 执行方法 doFilter
2026-03-24 13:49:58.263 [http-nio-8080-exec-1] INFO  c.i.interceptor.TokenInterceptor - 令牌校验通过,放行
2026-03-24 13:49:58.388 [http-nio-8080-exec-1] INFO  com.zaxxer.hikari.HikariDataSource - HikariPool-1 - Starting...
2026-03-24 13:49:58.844 [http-nio-8080-exec-1] INFO  com.zaxxer.hikari.pool.HikariPool - HikariPool-1 - Added connection com.mysql.cj.jdbc.ConnectionImpl@420709bf
2026-03-24 13:49:58.848 [http-nio-8080-exec-1] INFO  com.zaxxer.hikari.HikariDataSource - HikariPool-1 - Start completed.
2026-03-24 13:50:32.473 [SpringApplicationShutdownHook] INFO  o.s.boot.tomcat.GracefulShutdown - Commencing graceful shutdown. Waiting for active requests to complete
2026-03-24 13:50:32.480 [tomcat-shutdown] INFO  o.s.boot.tomcat.GracefulShutdown - Graceful shutdown complete
2026-03-24 13:50:32.483 [SpringApplicationShutdownHook] INFO  com.zaxxer.hikari.HikariDataSource - HikariPool-1 - Shutdown initiated...
2026-03-24 13:50:32.491 [SpringApplicationShutdownHook] INFO  com.zaxxer.hikari.HikariDataSource - HikariPool-1 - Shutdown completed.
2026-03-24 13:50:39.609 [main] INFO  c.i.TliasWebManagementApplication - Starting TliasWebManagementApplication using Java 21.0.10 with PID 14428 (D:\SHEN\projects\java\web-project\springboot-web-02\tlias-web-management\target\classes started by SHEN in D:\SHEN\projects\java\web-project\springboot-web-02)
2026-03-24 13:50:39.613 [main] INFO  c.i.TliasWebManagementApplication - No active profile set, falling back to 1 default profile: "default"
2026-03-24 13:50:41.644 [main] INFO  o.s.boot.tomcat.TomcatWebServer - Tomcat initialized with port 8080 (http)
2026-03-24 13:50:41.670 [main] INFO  o.a.coyote.http11.Http11NioProtocol - Initializing ProtocolHandler ["http-nio-8080"]
2026-03-24 13:50:41.673 [main] INFO  o.a.catalina.core.StandardService - Starting service [Tomcat]
2026-03-24 13:50:41.674 [main] INFO  o.a.catalina.core.StandardEngine - Starting Servlet engine: [Apache Tomcat/11.0.18]
2026-03-24 13:50:41.755 [main] INFO  o.s.b.w.c.s.WebApplicationContextInitializer - Root WebApplicationContext: initialization completed in 2078 ms
2026-03-24 13:50:43.063 [main] INFO  o.a.coyote.http11.Http11NioProtocol - Starting ProtocolHandler ["http-nio-8080"]
2026-03-24 13:50:43.089 [main] INFO  o.s.boot.tomcat.TomcatWebServer - Tomcat started on port 8080 (http) with context path '/'
2026-03-24 13:50:43.095 [main] INFO  c.i.TliasWebManagementApplication - Started TliasWebManagementApplication in 4.069 seconds (process running for 5.634)
2026-03-24 13:50:43.693 [http-nio-8080-exec-1] INFO  o.a.c.c.C.[Tomcat].[localhost].[/] - Initializing Spring DispatcherServlet 'dispatcherServlet'
2026-03-24 13:50:43.695 [http-nio-8080-exec-1] INFO  o.s.web.servlet.DispatcherServlet - Initializing Servlet 'dispatcherServlet'
2026-03-24 13:50:43.696 [http-nio-8080-exec-1] INFO  o.s.web.servlet.DispatcherServlet - Completed initialization in 1 ms
2026-03-24 13:50:43.755 [http-nio-8080-exec-1] INFO  c.i.interceptor.TokenInterceptor - 执行方法 doFilter
2026-03-24 13:50:44.218 [http-nio-8080-exec-1] INFO  c.i.interceptor.TokenInterceptor - 令牌校验通过,放行
2026-03-24 13:50:44.330 [http-nio-8080-exec-1] INFO  com.zaxxer.hikari.HikariDataSource - HikariPool-1 - Starting...
2026-03-24 13:50:44.785 [http-nio-8080-exec-1] INFO  com.zaxxer.hikari.pool.HikariPool - HikariPool-1 - Added connection com.mysql.cj.jdbc.ConnectionImpl@6b3a31b5
2026-03-24 13:50:44.785 [http-nio-8080-exec-1] INFO  com.zaxxer.hikari.HikariDataSource - HikariPool-1 - Start completed.
2026-03-24 13:50:59.854 [SpringApplicationShutdownHook] INFO  o.s.boot.tomcat.GracefulShutdown - Commencing graceful shutdown. Waiting for active requests to complete
2026-03-24 13:50:59.862 [tomcat-shutdown] INFO  o.s.boot.tomcat.GracefulShutdown - Graceful shutdown complete
2026-03-24 13:50:59.867 [SpringApplicationShutdownHook] INFO  com.zaxxer.hikari.HikariDataSource - HikariPool-1 - Shutdown initiated...
2026-03-24 13:50:59.874 [SpringApplicationShutdownHook] INFO  com.zaxxer.hikari.HikariDataSource - HikariPool-1 - Shutdown completed.
2026-03-24 13:51:05.287 [main] INFO  c.i.TliasWebManagementApplication - Starting TliasWebManagementApplication using Java 21.0.10 with PID 32512 (D:\SHEN\projects\java\web-project\springboot-web-02\tlias-web-management\target\classes started by SHEN in D:\SHEN\projects\java\web-project\springboot-web-02)
2026-03-24 13:51:05.294 [main] INFO  c.i.TliasWebManagementApplication - No active profile set, falling back to 1 default profile: "default"
2026-03-24 13:51:06.969 [main] INFO  o.s.boot.tomcat.TomcatWebServer - Tomcat initialized with port 8080 (http)
2026-03-24 13:51:06.987 [main] INFO  o.a.coyote.http11.Http11NioProtocol - Initializing ProtocolHandler ["http-nio-8080"]
2026-03-24 13:51:06.990 [main] INFO  o.a.catalina.core.StandardService - Starting service [Tomcat]
2026-03-24 13:51:06.990 [main] INFO  o.a.catalina.core.StandardEngine - Starting Servlet engine: [Apache Tomcat/11.0.18]
2026-03-24 13:51:07.071 [main] INFO  o.s.b.w.c.s.WebApplicationContextInitializer - Root WebApplicationContext: initialization completed in 1714 ms
2026-03-24 13:51:08.652 [main] INFO  o.a.coyote.http11.Http11NioProtocol - Starting ProtocolHandler ["http-nio-8080"]
2026-03-24 13:51:08.711 [main] INFO  o.s.boot.tomcat.TomcatWebServer - Tomcat started on port 8080 (http) with context path '/'
2026-03-24 13:51:08.736 [main] INFO  c.i.TliasWebManagementApplication - Started TliasWebManagementApplication in 4.006 seconds (process running for 5.507)
2026-03-24 13:51:50.170 [SpringApplicationShutdownHook] INFO  o.s.boot.tomcat.GracefulShutdown - Commencing graceful shutdown. Waiting for active requests to complete
2026-03-24 13:51:50.178 [tomcat-shutdown] INFO  o.s.boot.tomcat.GracefulShutdown - Graceful shutdown complete
2026-03-24 13:51:56.368 [main] INFO  c.i.TliasWebManagementApplication - Starting TliasWebManagementApplication using Java 21.0.10 with PID 26760 (D:\SHEN\projects\java\web-project\springboot-web-02\tlias-web-management\target\classes started by SHEN in D:\SHEN\projects\java\web-project\springboot-web-02)
2026-03-24 13:51:56.372 [main] INFO  c.i.TliasWebManagementApplication - No active profile set, falling back to 1 default profile: "default"
2026-03-24 13:51:57.804 [main] INFO  o.s.boot.tomcat.TomcatWebServer - Tomcat initialized with port 8080 (http)
2026-03-24 13:51:57.821 [main] INFO  o.a.coyote.http11.Http11NioProtocol - Initializing ProtocolHandler ["http-nio-8080"]
2026-03-24 13:51:57.823 [main] INFO  o.a.catalina.core.StandardService - Starting service [Tomcat]
2026-03-24 13:51:57.823 [main] INFO  o.a.catalina.core.StandardEngine - Starting Servlet engine: [Apache Tomcat/11.0.18]
2026-03-24 13:51:57.881 [main] INFO  o.s.b.w.c.s.WebApplicationContextInitializer - Root WebApplicationContext: initialization completed in 1450 ms
2026-03-24 13:51:59.167 [main] INFO  o.a.coyote.http11.Http11NioProtocol - Starting ProtocolHandler ["http-nio-8080"]
2026-03-24 13:51:59.190 [main] INFO  o.s.boot.tomcat.TomcatWebServer - Tomcat started on port 8080 (http) with context path '/'
2026-03-24 13:51:59.196 [main] INFO  c.i.TliasWebManagementApplication - Started TliasWebManagementApplication in 3.426 seconds (process running for 5.131)
2026-03-24 13:52:13.943 [SpringApplicationShutdownHook] INFO  o.s.boot.tomcat.GracefulShutdown - Commencing graceful shutdown. Waiting for active requests to complete
2026-03-24 13:52:13.951 [tomcat-shutdown] INFO  o.s.boot.tomcat.GracefulShutdown - Graceful shutdown complete
2026-03-24 13:52:17.628 [main] INFO  c.i.TliasWebManagementApplication - Starting TliasWebManagementApplication using Java 21.0.10 with PID 3360 (D:\SHEN\projects\java\web-project\springboot-web-02\tlias-web-management\target\classes started by SHEN in D:\SHEN\projects\java\web-project\springboot-web-02)
2026-03-24 13:52:17.633 [main] INFO  c.i.TliasWebManagementApplication - No active profile set, falling back to 1 default profile: "default"
2026-03-24 13:52:19.480 [main] INFO  o.s.boot.tomcat.TomcatWebServer - Tomcat initialized with port 8080 (http)
2026-03-24 13:52:19.498 [main] INFO  o.a.coyote.http11.Http11NioProtocol - Initializing ProtocolHandler ["http-nio-8080"]
2026-03-24 13:52:19.499 [main] INFO  o.a.catalina.core.StandardService - Starting service [Tomcat]
2026-03-24 13:52:19.500 [main] INFO  o.a.catalina.core.StandardEngine - Starting Servlet engine: [Apache Tomcat/11.0.18]
2026-03-24 13:52:19.567 [main] INFO  o.s.b.w.c.s.WebApplicationContextInitializer - Root WebApplicationContext: initialization completed in 1848 ms
2026-03-24 13:52:20.930 [main] INFO  o.a.coyote.http11.Http11NioProtocol - Starting ProtocolHandler ["http-nio-8080"]
2026-03-24 13:52:20.955 [main] INFO  o.s.boot.tomcat.TomcatWebServer - Tomcat started on port 8080 (http) with context path '/'
2026-03-24 13:52:20.962 [main] INFO  c.i.TliasWebManagementApplication - Started TliasWebManagementApplication in 3.897 seconds (process running for 5.797)
2026-03-24 13:52:53.760 [http-nio-8080-exec-1] INFO  o.a.c.c.C.[Tomcat].[localhost].[/] - Initializing Spring DispatcherServlet 'dispatcherServlet'
2026-03-24 13:52:53.760 [http-nio-8080-exec-1] INFO  o.s.web.servlet.DispatcherServlet - Initializing Servlet 'dispatcherServlet'
2026-03-24 13:52:53.762 [http-nio-8080-exec-1] INFO  o.s.web.servlet.DispatcherServlet - Completed initialization in 2 ms
2026-03-24 13:52:53.805 [http-nio-8080-exec-1] INFO  c.i.interceptor.TokenInterceptor - 执行方法 doFilter
2026-03-24 13:52:54.266 [http-nio-8080-exec-1] INFO  c.i.interceptor.TokenInterceptor - 令牌校验通过,放行
2026-03-24 13:52:54.377 [http-nio-8080-exec-1] INFO  com.zaxxer.hikari.HikariDataSource - HikariPool-1 - Starting...
2026-03-24 13:52:54.812 [http-nio-8080-exec-1] INFO  com.zaxxer.hikari.pool.HikariPool - HikariPool-1 - Added connection com.mysql.cj.jdbc.ConnectionImpl@33b8ce20
2026-03-24 13:52:54.814 [http-nio-8080-exec-1] INFO  com.zaxxer.hikari.HikariDataSource - HikariPool-1 - Start completed.
